{"/Users/paul/code/devtools/src/App.jsx": {"path":"/Users/paul/code/devtools/src/App.jsx","all":false,"statementMap":{"0":{"start":{"line":1,"column":0},"end":{"line":1,"column":67}},"1":{"start":{"line":2,"column":0},"end":{"line":2,"column":19}},"2":{"start":{"line":3,"column":0},"end":{"line":3,"column":43}},"3":{"start":{"line":4,"column":0},"end":{"line":4,"column":55}},"4":{"start":{"line":5,"column":0},"end":{"line":5,"column":32}},"6":{"start":{"line":7,"column":0},"end":{"line":7,"column":16}},"7":{"start":{"line":8,"column":0},"end":{"line":8,"column":55}},"8":{"start":{"line":9,"column":0},"end":{"line":9,"column":53}},"9":{"start":{"line":10,"column":0},"end":{"line":10,"column":59}},"11":{"start":{"line":12,"column":0},"end":{"line":12,"column":46}},"12":{"start":{"line":13,"column":0},"end":{"line":13,"column":27}},"13":{"start":{"line":14,"column":0},"end":{"line":14,"column":50}},"14":{"start":{"line":15,"column":0},"end":{"line":15,"column":15}},"16":{"start":{"line":17,"column":0},"end":{"line":17,"column":36}},"17":{"start":{"line":18,"column":0},"end":{"line":18,"column":44}},"18":{"start":{"line":19,"column":0},"end":{"line":19,"column":45}},"19":{"start":{"line":20,"column":0},"end":{"line":20,"column":25}},"21":{"start":{"line":22,"column":0},"end":{"line":22,"column":32}},"22":{"start":{"line":23,"column":0},"end":{"line":23,"column":27}},"23":{"start":{"line":24,"column":0},"end":{"line":24,"column":29}},"24":{"start":{"line":25,"column":0},"end":{"line":25,"column":5}},"25":{"start":{"line":26,"column":0},"end":{"line":26,"column":4}},"28":{"start":{"line":29,"column":0},"end":{"line":29,"column":19}},"29":{"start":{"line":30,"column":0},"end":{"line":30,"column":36}},"30":{"start":{"line":31,"column":0},"end":{"line":31,"column":65}},"31":{"start":{"line":32,"column":0},"end":{"line":32,"column":17}},"32":{"start":{"line":33,"column":0},"end":{"line":33,"column":52}},"33":{"start":{"line":34,"column":0},"end":{"line":34,"column":43}},"34":{"start":{"line":35,"column":0},"end":{"line":35,"column":33}},"35":{"start":{"line":36,"column":0},"end":{"line":36,"column":9}},"36":{"start":{"line":37,"column":0},"end":{"line":37,"column":31}},"38":{"start":{"line":39,"column":0},"end":{"line":39,"column":29}},"39":{"start":{"line":40,"column":0},"end":{"line":40,"column":31}},"40":{"start":{"line":41,"column":0},"end":{"line":41,"column":7}},"41":{"start":{"line":42,"column":0},"end":{"line":42,"column":6}},"44":{"start":{"line":45,"column":0},"end":{"line":45,"column":23}},"47":{"start":{"line":48,"column":0},"end":{"line":48,"column":60}},"48":{"start":{"line":49,"column":0},"end":{"line":49,"column":76}},"49":{"start":{"line":50,"column":0},"end":{"line":50,"column":20}},"52":{"start":{"line":53,"column":0},"end":{"line":53,"column":19}},"53":{"start":{"line":54,"column":0},"end":{"line":54,"column":34}},"55":{"start":{"line":56,"column":0},"end":{"line":56,"column":54}},"56":{"start":{"line":57,"column":0},"end":{"line":57,"column":27}},"57":{"start":{"line":58,"column":0},"end":{"line":58,"column":57}},"58":{"start":{"line":59,"column":0},"end":{"line":59,"column":7}},"59":{"start":{"line":60,"column":0},"end":{"line":60,"column":6}},"61":{"start":{"line":62,"column":0},"end":{"line":62,"column":56}},"62":{"start":{"line":63,"column":0},"end":{"line":63,"column":72}},"63":{"start":{"line":64,"column":0},"end":{"line":64,"column":9}},"65":{"start":{"line":66,"column":0},"end":{"line":66,"column":10}},"66":{"start":{"line":67,"column":0},"end":{"line":67,"column":25}},"67":{"start":{"line":68,"column":0},"end":{"line":68,"column":15}},"68":{"start":{"line":69,"column":0},"end":{"line":69,"column":21}},"69":{"start":{"line":70,"column":0},"end":{"line":70,"column":33}},"70":{"start":{"line":71,"column":0},"end":{"line":71,"column":39}},"71":{"start":{"line":72,"column":0},"end":{"line":72,"column":33}},"72":{"start":{"line":73,"column":0},"end":{"line":73,"column":39}},"73":{"start":{"line":74,"column":0},"end":{"line":74,"column":8}},"75":{"start":{"line":76,"column":0},"end":{"line":76,"column":29}},"76":{"start":{"line":77,"column":0},"end":{"line":77,"column":25}},"77":{"start":{"line":78,"column":0},"end":{"line":78,"column":27}},"79":{"start":{"line":80,"column":0},"end":{"line":80,"column":37}},"80":{"start":{"line":81,"column":0},"end":{"line":81,"column":55}},"81":{"start":{"line":82,"column":0},"end":{"line":82,"column":50}},"82":{"start":{"line":83,"column":0},"end":{"line":83,"column":23}},"83":{"start":{"line":84,"column":0},"end":{"line":84,"column":16}},"85":{"start":{"line":86,"column":0},"end":{"line":86,"column":13}},"86":{"start":{"line":87,"column":0},"end":{"line":87,"column":10}},"88":{"start":{"line":89,"column":0},"end":{"line":89,"column":1}},"90":{"start":{"line":91,"column":0},"end":{"line":91,"column":19}}},"s":{"0":1,"1":1,"2":1,"3":1,"4":1,"6":14,"7":14,"8":14,"9":14,"11":14,"12":6,"13":6,"14":6,"16":6,"17":6,"18":6,"19":6,"21":0,"22":0,"23":0,"24":0,"25":6,"28":14,"29":9,"30":11,"31":11,"32":6,"33":6,"34":3,"35":3,"36":11,"38":0,"39":0,"40":0,"41":11,"44":9,"47":9,"48":9,"49":14,"52":14,"53":6,"55":0,"56":0,"57":0,"58":0,"59":0,"61":6,"62":6,"63":14,"65":14,"66":14,"67":14,"68":14,"69":14,"70":14,"71":14,"72":14,"73":14,"75":14,"76":14,"77":7,"79":7,"80":7,"81":7,"82":7,"83":7,"85":14,"86":14,"88":14,"90":1},"branchMap":{"0":{"type":"branch","line":7,"loc":{"start":{"line":7,"column":0},"end":{"line":89,"column":1}},"locations":[{"start":{"line":7,"column":0},"end":{"line":89,"column":1}}]},"1":{"type":"branch","line":77,"loc":{"start":{"line":77,"column":10},"end":{"line":78,"column":27}},"locations":[{"start":{"line":77,"column":10},"end":{"line":78,"column":27}}]},"2":{"type":"branch","line":78,"loc":{"start":{"line":78,"column":25},"end":{"line":84,"column":16}},"locations":[{"start":{"line":78,"column":25},"end":{"line":84,"column":16}}]},"3":{"type":"branch","line":82,"loc":{"start":{"line":82,"column":15},"end":{"line":82,"column":50}},"locations":[{"start":{"line":82,"column":15},"end":{"line":82,"column":50}}]},"4":{"type":"branch","line":12,"loc":{"start":{"line":12,"column":27},"end":{"line":26,"column":4}},"locations":[{"start":{"line":12,"column":27},"end":{"line":26,"column":4}}]},"5":{"type":"branch","line":20,"loc":{"start":{"line":20,"column":4},"end":{"line":25,"column":5}},"locations":[{"start":{"line":20,"column":4},"end":{"line":25,"column":5}}]},"6":{"type":"branch","line":14,"loc":{"start":{"line":14,"column":28},"end":{"line":14,"column":48}},"locations":[{"start":{"line":14,"column":28},"end":{"line":14,"column":48}}]},"7":{"type":"branch","line":19,"loc":{"start":{"line":19,"column":23},"end":{"line":19,"column":43}},"locations":[{"start":{"line":19,"column":23},"end":{"line":19,"column":43}}]},"8":{"type":"branch","line":29,"loc":{"start":{"line":29,"column":12},"end":{"line":50,"column":5}},"locations":[{"start":{"line":29,"column":12},"end":{"line":50,"column":5}}]},"9":{"type":"branch","line":30,"loc":{"start":{"line":30,"column":29},"end":{"line":42,"column":6}},"locations":[{"start":{"line":30,"column":29},"end":{"line":42,"column":6}}]},"10":{"type":"branch","line":32,"loc":{"start":{"line":32,"column":16},"end":{"line":37,"column":17}},"locations":[{"start":{"line":32,"column":16},"end":{"line":37,"column":17}}]},"11":{"type":"branch","line":34,"loc":{"start":{"line":34,"column":42},"end":{"line":36,"column":9}},"locations":[{"start":{"line":34,"column":42},"end":{"line":36,"column":9}}]},"12":{"type":"branch","line":37,"loc":{"start":{"line":37,"column":6},"end":{"line":41,"column":7}},"locations":[{"start":{"line":37,"column":6},"end":{"line":41,"column":7}}]},"13":{"type":"branch","line":37,"loc":{"start":{"line":37,"column":30},"end":{"line":41,"column":7}},"locations":[{"start":{"line":37,"column":30},"end":{"line":41,"column":7}}]},"14":{"type":"branch","line":33,"loc":{"start":{"line":33,"column":32},"end":{"line":33,"column":50}},"locations":[{"start":{"line":33,"column":32},"end":{"line":33,"column":50}}]},"15":{"type":"branch","line":49,"loc":{"start":{"line":49,"column":11},"end":{"line":49,"column":76}},"locations":[{"start":{"line":49,"column":11},"end":{"line":49,"column":76}}]},"16":{"type":"branch","line":53,"loc":{"start":{"line":53,"column":12},"end":{"line":64,"column":5}},"locations":[{"start":{"line":53,"column":12},"end":{"line":64,"column":5}}]},"17":{"type":"branch","line":63,"loc":{"start":{"line":63,"column":11},"end":{"line":63,"column":72}},"locations":[{"start":{"line":63,"column":11},"end":{"line":63,"column":72}}]}},"b":{"0":[14],"1":[7],"2":[7],"3":[4],"4":[6],"5":[0],"6":[16],"7":[6],"8":[9],"9":[11],"10":[6],"11":[3],"12":[5],"13":[0],"14":[16],"15":[9],"16":[6],"17":[6]},"fnMap":{"0":{"name":"App","decl":{"start":{"line":7,"column":0},"end":{"line":89,"column":1}},"loc":{"start":{"line":7,"column":0},"end":{"line":89,"column":1}},"line":7},"1":{"name":"handleSelectTool","decl":{"start":{"line":12,"column":27},"end":{"line":26,"column":4}},"loc":{"start":{"line":12,"column":27},"end":{"line":26,"column":4}},"line":12},"2":{"name":"handleHashChange","decl":{"start":{"line":30,"column":29},"end":{"line":42,"column":6}},"loc":{"start":{"line":30,"column":29},"end":{"line":42,"column":6}},"line":30},"3":{"name":"handleKeyDown","decl":{"start":{"line":54,"column":26},"end":{"line":60,"column":6}},"loc":{"start":{"line":54,"column":26},"end":{"line":60,"column":6}},"line":54}},"f":{"0":14,"1":6,"2":11,"3":0}}
,"/Users/paul/code/devtools/src/main.jsx": {"path":"/Users/paul/code/devtools/src/main.jsx","all":true,"statementMap":{"0":{"start":{"line":1,"column":0},"end":{"line":1,"column":26}},"1":{"start":{"line":2,"column":0},"end":{"line":2,"column":40}},"2":{"start":{"line":3,"column":0},"end":{"line":3,"column":24}},"4":{"start":{"line":5,"column":0},"end":{"line":5,"column":60}},"5":{"start":{"line":6,"column":0},"end":{"line":6,"column":20}},"6":{"start":{"line":7,"column":0},"end":{"line":7,"column":11}},"7":{"start":{"line":8,"column":0},"end":{"line":8,"column":21}},"8":{"start":{"line":9,"column":0},"end":{"line":9,"column":2}}},"s":{"0":0,"1":0,"2":0,"4":0,"5":0,"6":0,"7":0,"8":0},"branchMap":{"0":{"type":"branch","line":1,"loc":{"start":{"line":1,"column":180},"end":{"line":9,"column":-143}},"locations":[{"start":{"line":1,"column":180},"end":{"line":9,"column":-143}}]}},"b":{"0":[0]},"fnMap":{"0":{"name":"(empty-report)","decl":{"start":{"line":1,"column":180},"end":{"line":9,"column":-143}},"loc":{"start":{"line":1,"column":180},"end":{"line":9,"column":-143}},"line":1}},"f":{"0":0}}
,"/Users/paul/code/devtools/src/components/Sidebar.jsx": {"path":"/Users/paul/code/devtools/src/components/Sidebar.jsx","all":false,"statementMap":{"0":{"start":{"line":1,"column":0},"end":{"line":1,"column":26}},"2":{"start":{"line":3,"column":0},"end":{"line":3,"column":100}},"3":{"start":{"line":4,"column":0},"end":{"line":4,"column":35}},"4":{"start":{"line":5,"column":0},"end":{"line":5,"column":26}},"5":{"start":{"line":6,"column":0},"end":{"line":6,"column":70}},"6":{"start":{"line":7,"column":0},"end":{"line":7,"column":77}},"7":{"start":{"line":8,"column":0},"end":{"line":8,"column":70}},"8":{"start":{"line":9,"column":0},"end":{"line":9,"column":7}},"9":{"start":{"line":10,"column":0},"end":{"line":10,"column":12}},"11":{"start":{"line":12,"column":0},"end":{"line":12,"column":10}},"12":{"start":{"line":13,"column":0},"end":{"line":13,"column":31}},"13":{"start":{"line":14,"column":0},"end":{"line":14,"column":38}},"14":{"start":{"line":15,"column":0},"end":{"line":15,"column":40}},"15":{"start":{"line":16,"column":0},"end":{"line":16,"column":45}},"16":{"start":{"line":17,"column":0},"end":{"line":17,"column":34}},"17":{"start":{"line":18,"column":0},"end":{"line":18,"column":36}},"18":{"start":{"line":19,"column":0},"end":{"line":19,"column":85}},"19":{"start":{"line":20,"column":0},"end":{"line":20,"column":12}},"21":{"start":{"line":22,"column":0},"end":{"line":22,"column":40}},"22":{"start":{"line":23,"column":0},"end":{"line":23,"column":15}},"23":{"start":{"line":24,"column":0},"end":{"line":24,"column":22}},"24":{"start":{"line":25,"column":0},"end":{"line":25,"column":35}},"25":{"start":{"line":26,"column":0},"end":{"line":26,"column":44}},"26":{"start":{"line":27,"column":0},"end":{"line":27,"column":29}},"27":{"start":{"line":28,"column":0},"end":{"line":28,"column":58}},"28":{"start":{"line":29,"column":0},"end":{"line":29,"column":28}},"29":{"start":{"line":30,"column":0},"end":{"line":30,"column":10}},"30":{"start":{"line":31,"column":0},"end":{"line":31,"column":47}},"31":{"start":{"line":32,"column":0},"end":{"line":32,"column":12}},"33":{"start":{"line":34,"column":0},"end":{"line":34,"column":33}},"34":{"start":{"line":35,"column":0},"end":{"line":35,"column":38}},"35":{"start":{"line":36,"column":0},"end":{"line":36,"column":15}},"36":{"start":{"line":37,"column":0},"end":{"line":37,"column":25}},"37":{"start":{"line":38,"column":0},"end":{"line":38,"column":78}},"38":{"start":{"line":39,"column":0},"end":{"line":39,"column":49}},"40":{"start":{"line":41,"column":0},"end":{"line":41,"column":32}},"41":{"start":{"line":42,"column":0},"end":{"line":42,"column":58}},"42":{"start":{"line":43,"column":0},"end":{"line":43,"column":16}},"43":{"start":{"line":44,"column":0},"end":{"line":44,"column":11}},"44":{"start":{"line":45,"column":0},"end":{"line":45,"column":12}},"45":{"start":{"line":46,"column":0},"end":{"line":46,"column":12}},"47":{"start":{"line":48,"column":0},"end":{"line":48,"column":1}}},"s":{"0":1,"2":13,"3":13,"4":1,"5":13,"6":12,"7":12,"8":1,"9":12,"11":13,"12":13,"13":13,"14":13,"15":13,"16":13,"17":13,"18":13,"19":13,"21":13,"22":13,"23":13,"24":13,"25":13,"26":13,"27":13,"28":13,"29":13,"30":13,"31":13,"33":13,"34":13,"35":157,"36":157,"37":157,"38":157,"40":157,"41":157,"42":157,"43":13,"44":13,"45":13,"47":13},"branchMap":{"0":{"type":"branch","line":3,"loc":{"start":{"line":3,"column":0},"end":{"line":48,"column":1}},"locations":[{"start":{"line":3,"column":0},"end":{"line":48,"column":1}}]},"1":{"type":"branch","line":4,"loc":{"start":{"line":4,"column":24},"end":{"line":9,"column":7}},"locations":[{"start":{"line":4,"column":24},"end":{"line":9,"column":7}}]},"2":{"type":"branch","line":9,"loc":{"start":{"line":9,"column":6},"end":{"line":10,"column":12}},"locations":[{"start":{"line":9,"column":6},"end":{"line":10,"column":12}}]},"3":{"type":"branch","line":5,"loc":{"start":{"line":5,"column":19},"end":{"line":8,"column":70}},"locations":[{"start":{"line":5,"column":19},"end":{"line":8,"column":70}}]},"4":{"type":"branch","line":6,"loc":{"start":{"line":6,"column":66},"end":{"line":7,"column":77}},"locations":[{"start":{"line":6,"column":66},"end":{"line":7,"column":77}}]},"5":{"type":"branch","line":7,"loc":{"start":{"line":7,"column":73},"end":{"line":8,"column":70}},"locations":[{"start":{"line":7,"column":73},"end":{"line":8,"column":70}}]},"6":{"type":"branch","line":8,"loc":{"start":{"line":8,"column":23},"end":{"line":8,"column":69}},"locations":[{"start":{"line":8,"column":23},"end":{"line":8,"column":69}}]},"7":{"type":"branch","line":28,"loc":{"start":{"line":28,"column":20},"end":{"line":28,"column":58}},"locations":[{"start":{"line":28,"column":20},"end":{"line":28,"column":58}}]},"8":{"type":"branch","line":35,"loc":{"start":{"line":35,"column":27},"end":{"line":43,"column":16}},"locations":[{"start":{"line":35,"column":27},"end":{"line":43,"column":16}}]},"9":{"type":"branch","line":38,"loc":{"start":{"line":38,"column":48},"end":{"line":38,"column":73}},"locations":[{"start":{"line":38,"column":48},"end":{"line":38,"column":73}}]},"10":{"type":"branch","line":38,"loc":{"start":{"line":38,"column":62},"end":{"line":38,"column":75}},"locations":[{"start":{"line":38,"column":62},"end":{"line":38,"column":75}}]},"11":{"type":"branch","line":39,"loc":{"start":{"line":39,"column":21},"end":{"line":39,"column":49}},"locations":[{"start":{"line":39,"column":21},"end":{"line":39,"column":49}}]}},"b":{"0":[13],"1":[1],"2":[12],"3":[13],"4":[12],"5":[12],"6":[30],"7":[1],"8":[157],"9":[6],"10":[151],"11":[3]},"fnMap":{"0":{"name":"Sidebar","decl":{"start":{"line":3,"column":0},"end":{"line":48,"column":1}},"loc":{"start":{"line":3,"column":0},"end":{"line":48,"column":1}},"line":3},"1":{"name":"onClick","decl":{"start":{"line":16,"column":20},"end":{"line":16,"column":45}},"loc":{"start":{"line":16,"column":20},"end":{"line":16,"column":45}},"line":16},"2":{"name":"onChange","decl":{"start":{"line":28,"column":20},"end":{"line":28,"column":58}},"loc":{"start":{"line":28,"column":20},"end":{"line":28,"column":58}},"line":28},"3":{"name":"onClick","decl":{"start":{"line":39,"column":21},"end":{"line":39,"column":49}},"loc":{"start":{"line":39,"column":21},"end":{"line":39,"column":49}},"line":39}},"f":{"0":13,"1":0,"2":1,"3":3}}
,"/Users/paul/code/devtools/src/components/WelcomeScreen.jsx": {"path":"/Users/paul/code/devtools/src/components/WelcomeScreen.jsx","all":false,"statementMap":{"0":{"start":{"line":1,"column":0},"end":{"line":1,"column":26}},"2":{"start":{"line":3,"column":0},"end":{"line":3,"column":41}},"3":{"start":{"line":4,"column":0},"end":{"line":4,"column":10}},"4":{"start":{"line":5,"column":0},"end":{"line":5,"column":29}},"5":{"start":{"line":6,"column":0},"end":{"line":6,"column":11}},"6":{"start":{"line":7,"column":0},"end":{"line":7,"column":47}},"7":{"start":{"line":8,"column":0},"end":{"line":8,"column":109}},"8":{"start":{"line":9,"column":0},"end":{"line":9,"column":35}},"9":{"start":{"line":10,"column":0},"end":{"line":10,"column":37}},"10":{"start":{"line":11,"column":0},"end":{"line":11,"column":41}},"11":{"start":{"line":12,"column":0},"end":{"line":12,"column":52}},"12":{"start":{"line":13,"column":0},"end":{"line":13,"column":37}},"13":{"start":{"line":14,"column":0},"end":{"line":14,"column":16}},"14":{"start":{"line":15,"column":0},"end":{"line":15,"column":41}},"15":{"start":{"line":16,"column":0},"end":{"line":16,"column":52}},"16":{"start":{"line":17,"column":0},"end":{"line":17,"column":39}},"17":{"start":{"line":18,"column":0},"end":{"line":18,"column":16}},"18":{"start":{"line":19,"column":0},"end":{"line":19,"column":41}},"19":{"start":{"line":20,"column":0},"end":{"line":20,"column":55}},"20":{"start":{"line":21,"column":0},"end":{"line":21,"column":49}},"21":{"start":{"line":22,"column":0},"end":{"line":22,"column":16}},"22":{"start":{"line":23,"column":0},"end":{"line":23,"column":41}},"23":{"start":{"line":24,"column":0},"end":{"line":24,"column":53}},"24":{"start":{"line":25,"column":0},"end":{"line":25,"column":37}},"25":{"start":{"line":26,"column":0},"end":{"line":26,"column":16}},"26":{"start":{"line":27,"column":0},"end":{"line":27,"column":14}},"27":{"start":{"line":28,"column":0},"end":{"line":28,"column":12}},"28":{"start":{"line":29,"column":0},"end":{"line":29,"column":10}},"30":{"start":{"line":31,"column":0},"end":{"line":31,"column":1}}},"s":{"0":1,"2":7,"3":7,"4":7,"5":7,"6":7,"7":7,"8":7,"9":7,"10":7,"11":7,"12":7,"13":7,"14":7,"15":7,"16":7,"17":7,"18":7,"19":7,"20":7,"21":7,"22":7,"23":7,"24":7,"25":7,"26":7,"27":7,"28":7,"30":7},"branchMap":{"0":{"type":"branch","line":3,"loc":{"start":{"line":3,"column":0},"end":{"line":31,"column":1}},"locations":[{"start":{"line":3,"column":0},"end":{"line":31,"column":1}}]}},"b":{"0":[7]},"fnMap":{"0":{"name":"WelcomeScreen","decl":{"start":{"line":3,"column":0},"end":{"line":31,"column":1}},"loc":{"start":{"line":3,"column":0},"end":{"line":31,"column":1}},"line":3}},"f":{"0":7}}
,"/Users/paul/code/devtools/src/tools/Base64Tool.jsx": {"path":"/Users/paul/code/devtools/src/tools/Base64Tool.jsx","all":false,"statementMap":{"0":{"start":{"line":1,"column":0},"end":{"line":1,"column":40}},"1":{"start":{"line":2,"column":0},"end":{"line":2,"column":66}},"2":{"start":{"line":3,"column":0},"end":{"line":3,"column":53}},"4":{"start":{"line":5,"column":0},"end":{"line":5,"column":38}},"5":{"start":{"line":6,"column":0},"end":{"line":6,"column":49}},"6":{"start":{"line":7,"column":0},"end":{"line":7,"column":51}},"7":{"start":{"line":8,"column":0},"end":{"line":8,"column":43}},"8":{"start":{"line":9,"column":0},"end":{"line":9,"column":48}},"10":{"start":{"line":11,"column":0},"end":{"line":11,"column":30}},"11":{"start":{"line":12,"column":0},"end":{"line":12,"column":9}},"12":{"start":{"line":13,"column":0},"end":{"line":13,"column":46}},"13":{"start":{"line":14,"column":0},"end":{"line":14,"column":29}},"14":{"start":{"line":15,"column":0},"end":{"line":15,"column":40}},"15":{"start":{"line":16,"column":0},"end":{"line":16,"column":24}},"16":{"start":{"line":17,"column":0},"end":{"line":17,"column":17}},"17":{"start":{"line":18,"column":0},"end":{"line":18,"column":34}},"18":{"start":{"line":19,"column":0},"end":{"line":19,"column":23}},"19":{"start":{"line":20,"column":0},"end":{"line":20,"column":5}},"20":{"start":{"line":21,"column":0},"end":{"line":21,"column":42}},"21":{"start":{"line":22,"column":0},"end":{"line":22,"column":4}},"23":{"start":{"line":24,"column":0},"end":{"line":24,"column":30}},"24":{"start":{"line":25,"column":0},"end":{"line":25,"column":44}},"25":{"start":{"line":26,"column":0},"end":{"line":26,"column":25}},"26":{"start":{"line":27,"column":0},"end":{"line":27,"column":34}},"27":{"start":{"line":28,"column":0},"end":{"line":28,"column":40}},"28":{"start":{"line":29,"column":0},"end":{"line":29,"column":24}},"29":{"start":{"line":30,"column":0},"end":{"line":30,"column":12}},"30":{"start":{"line":31,"column":0},"end":{"line":31,"column":30}},"31":{"start":{"line":32,"column":0},"end":{"line":32,"column":23}},"32":{"start":{"line":33,"column":0},"end":{"line":33,"column":5}},"33":{"start":{"line":34,"column":0},"end":{"line":34,"column":42}},"34":{"start":{"line":35,"column":0},"end":{"line":35,"column":4}},"36":{"start":{"line":37,"column":0},"end":{"line":37,"column":40}},"37":{"start":{"line":38,"column":0},"end":{"line":38,"column":53}},"38":{"start":{"line":39,"column":0},"end":{"line":39,"column":57}},"39":{"start":{"line":40,"column":0},"end":{"line":40,"column":42}},"40":{"start":{"line":41,"column":0},"end":{"line":41,"column":4}},"42":{"start":{"line":43,"column":0},"end":{"line":43,"column":33}},"43":{"start":{"line":44,"column":0},"end":{"line":44,"column":21}},"44":{"start":{"line":45,"column":0},"end":{"line":45,"column":4}},"46":{"start":{"line":47,"column":0},"end":{"line":47,"column":35}},"47":{"start":{"line":48,"column":0},"end":{"line":48,"column":22}},"48":{"start":{"line":49,"column":0},"end":{"line":49,"column":4}},"50":{"start":{"line":51,"column":0},"end":{"line":51,"column":10}},"51":{"start":{"line":52,"column":0},"end":{"line":52,"column":34}},"52":{"start":{"line":53,"column":0},"end":{"line":53,"column":35}},"53":{"start":{"line":54,"column":0},"end":{"line":54,"column":41}},"54":{"start":{"line":55,"column":0},"end":{"line":55,"column":40}},"56":{"start":{"line":57,"column":0},"end":{"line":57,"column":12}},"57":{"start":{"line":58,"column":0},"end":{"line":58,"column":35}},"58":{"start":{"line":59,"column":0},"end":{"line":59,"column":27}},"59":{"start":{"line":60,"column":0},"end":{"line":60,"column":64}},"60":{"start":{"line":61,"column":0},"end":{"line":61,"column":67}},"61":{"start":{"line":62,"column":0},"end":{"line":62,"column":72}},"62":{"start":{"line":63,"column":0},"end":{"line":63,"column":14}},"63":{"start":{"line":64,"column":0},"end":{"line":64,"column":12}},"65":{"start":{"line":66,"column":0},"end":{"line":66,"column":11}},"66":{"start":{"line":67,"column":0},"end":{"line":67,"column":29}},"67":{"start":{"line":68,"column":0},"end":{"line":68,"column":15}},"68":{"start":{"line":69,"column":0},"end":{"line":69,"column":55}},"69":{"start":{"line":70,"column":0},"end":{"line":70,"column":22}},"70":{"start":{"line":71,"column":0},"end":{"line":71,"column":26}},"71":{"start":{"line":72,"column":0},"end":{"line":72,"column":30}},"72":{"start":{"line":73,"column":0},"end":{"line":73,"column":31}},"73":{"start":{"line":74,"column":0},"end":{"line":74,"column":60}},"74":{"start":{"line":75,"column":0},"end":{"line":75,"column":48}},"75":{"start":{"line":76,"column":0},"end":{"line":76,"column":14}},"76":{"start":{"line":77,"column":0},"end":{"line":77,"column":37}},"77":{"start":{"line":78,"column":0},"end":{"line":78,"column":94}},"78":{"start":{"line":79,"column":0},"end":{"line":79,"column":78}},"79":{"start":{"line":80,"column":0},"end":{"line":80,"column":18}},"80":{"start":{"line":81,"column":0},"end":{"line":81,"column":16}},"81":{"start":{"line":82,"column":0},"end":{"line":82,"column":15}},"82":{"start":{"line":83,"column":0},"end":{"line":83,"column":50}},"83":{"start":{"line":84,"column":0},"end":{"line":84,"column":22}},"84":{"start":{"line":85,"column":0},"end":{"line":85,"column":25}},"85":{"start":{"line":86,"column":0},"end":{"line":86,"column":37}},"86":{"start":{"line":87,"column":0},"end":{"line":87,"column":32}},"87":{"start":{"line":88,"column":0},"end":{"line":88,"column":61}},"88":{"start":{"line":89,"column":0},"end":{"line":89,"column":49}},"89":{"start":{"line":90,"column":0},"end":{"line":90,"column":14}},"90":{"start":{"line":91,"column":0},"end":{"line":91,"column":37}},"91":{"start":{"line":92,"column":0},"end":{"line":92,"column":94}},"92":{"start":{"line":93,"column":0},"end":{"line":93,"column":84}},"93":{"start":{"line":94,"column":0},"end":{"line":94,"column":18}},"94":{"start":{"line":95,"column":0},"end":{"line":95,"column":16}},"95":{"start":{"line":96,"column":0},"end":{"line":96,"column":14}},"96":{"start":{"line":97,"column":0},"end":{"line":97,"column":20}},"97":{"start":{"line":98,"column":0},"end":{"line":98,"column":66}},"98":{"start":{"line":99,"column":0},"end":{"line":99,"column":80}},"99":{"start":{"line":100,"column":0},"end":{"line":100,"column":16}},"101":{"start":{"line":102,"column":0},"end":{"line":102,"column":12}},"102":{"start":{"line":103,"column":0},"end":{"line":103,"column":10}},"104":{"start":{"line":105,"column":0},"end":{"line":105,"column":1}}},"s":{"0":1,"1":1,"2":1,"4":3,"5":3,"6":3,"7":3,"8":3,"10":3,"11":0,"12":0,"13":0,"14":0,"15":0,"16":0,"17":0,"18":0,"19":0,"20":0,"21":0,"23":3,"24":0,"25":0,"26":0,"27":0,"28":0,"29":0,"30":0,"31":0,"32":0,"33":0,"34":0,"36":3,"37":0,"38":0,"39":0,"40":0,"42":3,"43":0,"44":0,"46":3,"47":0,"48":0,"50":3,"51":3,"52":3,"53":3,"54":3,"56":3,"57":3,"58":3,"59":3,"60":3,"61":3,"62":3,"63":3,"65":3,"66":3,"67":3,"68":3,"69":3,"70":3,"71":3,"72":3,"73":3,"74":3,"75":3,"76":3,"77":3,"78":3,"79":3,"80":3,"81":3,"82":3,"83":3,"84":3,"85":3,"86":3,"87":3,"88":3,"89":3,"90":3,"91":3,"92":3,"93":3,"94":3,"95":3,"96":3,"97":0,"98":0,"99":0,"101":3,"102":3,"104":3},"branchMap":{"0":{"type":"branch","line":5,"loc":{"start":{"line":5,"column":0},"end":{"line":105,"column":1}},"locations":[{"start":{"line":5,"column":0},"end":{"line":105,"column":1}}]},"1":{"type":"branch","line":97,"loc":{"start":{"line":97,"column":9},"end":{"line":100,"column":16}},"locations":[{"start":{"line":97,"column":9},"end":{"line":100,"column":16}}]}},"b":{"0":[3],"1":[0]},"fnMap":{"0":{"name":"Base64Tool","decl":{"start":{"line":5,"column":0},"end":{"line":105,"column":1}},"loc":{"start":{"line":5,"column":0},"end":{"line":105,"column":1}},"line":5},"1":{"name":"handleEncode","decl":{"start":{"line":11,"column":23},"end":{"line":22,"column":4}},"loc":{"start":{"line":11,"column":23},"end":{"line":22,"column":4}},"line":11},"2":{"name":"handleDecode","decl":{"start":{"line":24,"column":23},"end":{"line":35,"column":4}},"loc":{"start":{"line":24,"column":23},"end":{"line":35,"column":4}},"line":24},"3":{"name":"handleCopyBase64","decl":{"start":{"line":37,"column":27},"end":{"line":41,"column":4}},"loc":{"start":{"line":37,"column":27},"end":{"line":41,"column":4}},"line":37},"4":{"name":"handleClearText","decl":{"start":{"line":43,"column":26},"end":{"line":45,"column":4}},"loc":{"start":{"line":43,"column":26},"end":{"line":45,"column":4}},"line":43},"5":{"name":"handleClearBase64","decl":{"start":{"line":47,"column":28},"end":{"line":49,"column":4}},"loc":{"start":{"line":47,"column":28},"end":{"line":49,"column":4}},"line":47},"6":{"name":"onChange","decl":{"start":{"line":74,"column":24},"end":{"line":74,"column":60}},"loc":{"start":{"line":74,"column":24},"end":{"line":74,"column":60}},"line":74},"7":{"name":"onChange","decl":{"start":{"line":88,"column":24},"end":{"line":88,"column":61}},"loc":{"start":{"line":88,"column":24},"end":{"line":88,"column":61}},"line":88}},"f":{"0":3,"1":0,"2":0,"3":0,"4":0,"5":0,"6":0,"7":0}}
,"/Users/paul/code/devtools/src/tools/CaseConverter.jsx": {"path":"/Users/paul/code/devtools/src/tools/CaseConverter.jsx","all":false,"statementMap":{"0":{"start":{"line":1,"column":0},"end":{"line":1,"column":40}},"1":{"start":{"line":2,"column":0},"end":{"line":2,"column":88}},"2":{"start":{"line":3,"column":0},"end":{"line":3,"column":53}},"4":{"start":{"line":5,"column":0},"end":{"line":5,"column":41}},"5":{"start":{"line":6,"column":0},"end":{"line":6,"column":41}},"6":{"start":{"line":7,"column":0},"end":{"line":7,"column":49}},"7":{"start":{"line":8,"column":0},"end":{"line":8,"column":49}},"8":{"start":{"line":9,"column":0},"end":{"line":9,"column":49}},"9":{"start":{"line":10,"column":0},"end":{"line":10,"column":49}},"10":{"start":{"line":11,"column":0},"end":{"line":11,"column":43}},"12":{"start":{"line":13,"column":0},"end":{"line":13,"column":31}},"13":{"start":{"line":14,"column":0},"end":{"line":14,"column":37}},"14":{"start":{"line":15,"column":0},"end":{"line":15,"column":37}},"15":{"start":{"line":16,"column":0},"end":{"line":16,"column":37}},"16":{"start":{"line":17,"column":0},"end":{"line":17,"column":37}},"17":{"start":{"line":18,"column":0},"end":{"line":18,"column":4}},"19":{"start":{"line":20,"column":0},"end":{"line":20,"column":48}},"20":{"start":{"line":21,"column":0},"end":{"line":21,"column":47}},"21":{"start":{"line":22,"column":0},"end":{"line":22,"column":69}},"22":{"start":{"line":23,"column":0},"end":{"line":23,"column":42}},"23":{"start":{"line":24,"column":0},"end":{"line":24,"column":4}},"25":{"start":{"line":26,"column":0},"end":{"line":26,"column":29}},"26":{"start":{"line":27,"column":0},"end":{"line":27,"column":17}},"27":{"start":{"line":28,"column":0},"end":{"line":28,"column":21}},"28":{"start":{"line":29,"column":0},"end":{"line":29,"column":21}},"29":{"start":{"line":30,"column":0},"end":{"line":30,"column":21}},"30":{"start":{"line":31,"column":0},"end":{"line":31,"column":21}},"31":{"start":{"line":32,"column":0},"end":{"line":32,"column":18}},"32":{"start":{"line":33,"column":0},"end":{"line":33,"column":4}},"35":{"start":{"line":36,"column":0},"end":{"line":36,"column":25}},"36":{"start":{"line":37,"column":0},"end":{"line":37,"column":16}},"37":{"start":{"line":38,"column":0},"end":{"line":38,"column":22}},"38":{"start":{"line":39,"column":0},"end":{"line":39,"column":12}},"39":{"start":{"line":40,"column":0},"end":{"line":40,"column":23}},"40":{"start":{"line":41,"column":0},"end":{"line":41,"column":23}},"41":{"start":{"line":42,"column":0},"end":{"line":42,"column":23}},"42":{"start":{"line":43,"column":0},"end":{"line":43,"column":23}},"43":{"start":{"line":44,"column":0},"end":{"line":44,"column":5}},"44":{"start":{"line":45,"column":0},"end":{"line":45,"column":14}},"46":{"start":{"line":47,"column":0},"end":{"line":47,"column":10}},"47":{"start":{"line":48,"column":0},"end":{"line":48,"column":34}},"48":{"start":{"line":49,"column":0},"end":{"line":49,"column":35}},"49":{"start":{"line":50,"column":0},"end":{"line":50,"column":32}},"50":{"start":{"line":51,"column":0},"end":{"line":51,"column":40}},"52":{"start":{"line":53,"column":0},"end":{"line":53,"column":12}},"53":{"start":{"line":54,"column":0},"end":{"line":54,"column":35}},"54":{"start":{"line":55,"column":0},"end":{"line":55,"column":36}},"55":{"start":{"line":56,"column":0},"end":{"line":56,"column":72}},"56":{"start":{"line":57,"column":0},"end":{"line":57,"column":76}},"57":{"start":{"line":58,"column":0},"end":{"line":58,"column":76}},"58":{"start":{"line":59,"column":0},"end":{"line":59,"column":76}},"59":{"start":{"line":60,"column":0},"end":{"line":60,"column":14}},"60":{"start":{"line":61,"column":0},"end":{"line":61,"column":12}},"62":{"start":{"line":63,"column":0},"end":{"line":63,"column":11}},"63":{"start":{"line":64,"column":0},"end":{"line":64,"column":50}},"64":{"start":{"line":65,"column":0},"end":{"line":65,"column":18}},"65":{"start":{"line":66,"column":0},"end":{"line":66,"column":21}},"66":{"start":{"line":67,"column":0},"end":{"line":67,"column":91}},"67":{"start":{"line":68,"column":0},"end":{"line":68,"column":26}},"68":{"start":{"line":69,"column":0},"end":{"line":69,"column":23}},"69":{"start":{"line":70,"column":0},"end":{"line":70,"column":52}},"70":{"start":{"line":71,"column":0},"end":{"line":71,"column":29}},"71":{"start":{"line":72,"column":0},"end":{"line":72,"column":51}},"72":{"start":{"line":73,"column":0},"end":{"line":73,"column":33}},"73":{"start":{"line":74,"column":0},"end":{"line":74,"column":30}},"74":{"start":{"line":75,"column":0},"end":{"line":75,"column":13}},"75":{"start":{"line":76,"column":0},"end":{"line":76,"column":12}},"76":{"start":{"line":77,"column":0},"end":{"line":77,"column":10}},"78":{"start":{"line":79,"column":0},"end":{"line":79,"column":43}},"79":{"start":{"line":80,"column":0},"end":{"line":80,"column":31}},"80":{"start":{"line":81,"column":0},"end":{"line":81,"column":17}},"81":{"start":{"line":82,"column":0},"end":{"line":82,"column":38}},"82":{"start":{"line":83,"column":0},"end":{"line":83,"column":81}},"83":{"start":{"line":84,"column":0},"end":{"line":84,"column":23}},"84":{"start":{"line":85,"column":0},"end":{"line":85,"column":30}},"85":{"start":{"line":86,"column":0},"end":{"line":86,"column":35}},"86":{"start":{"line":87,"column":0},"end":{"line":87,"column":35}},"87":{"start":{"line":88,"column":0},"end":{"line":88,"column":26}},"88":{"start":{"line":89,"column":0},"end":{"line":89,"column":37}},"89":{"start":{"line":90,"column":0},"end":{"line":90,"column":18}},"90":{"start":{"line":91,"column":0},"end":{"line":91,"column":24}},"91":{"start":{"line":92,"column":0},"end":{"line":92,"column":40}},"92":{"start":{"line":93,"column":0},"end":{"line":93,"column":68}},"93":{"start":{"line":94,"column":0},"end":{"line":94,"column":39}},"94":{"start":{"line":95,"column":0},"end":{"line":95,"column":17}},"96":{"start":{"line":97,"column":0},"end":{"line":97,"column":25}},"97":{"start":{"line":98,"column":0},"end":{"line":98,"column":20}},"98":{"start":{"line":99,"column":0},"end":{"line":99,"column":18}},"99":{"start":{"line":100,"column":0},"end":{"line":100,"column":17}},"100":{"start":{"line":101,"column":0},"end":{"line":101,"column":39}},"101":{"start":{"line":102,"column":0},"end":{"line":102,"column":81}},"102":{"start":{"line":103,"column":0},"end":{"line":103,"column":23}},"103":{"start":{"line":104,"column":0},"end":{"line":104,"column":30}},"104":{"start":{"line":105,"column":0},"end":{"line":105,"column":35}},"105":{"start":{"line":106,"column":0},"end":{"line":106,"column":35}},"106":{"start":{"line":107,"column":0},"end":{"line":107,"column":26}},"107":{"start":{"line":108,"column":0},"end":{"line":108,"column":37}},"108":{"start":{"line":109,"column":0},"end":{"line":109,"column":18}},"109":{"start":{"line":110,"column":0},"end":{"line":110,"column":24}},"110":{"start":{"line":111,"column":0},"end":{"line":111,"column":40}},"111":{"start":{"line":112,"column":0},"end":{"line":112,"column":69}},"112":{"start":{"line":113,"column":0},"end":{"line":113,"column":39}},"113":{"start":{"line":114,"column":0},"end":{"line":114,"column":17}},"115":{"start":{"line":116,"column":0},"end":{"line":116,"column":25}},"116":{"start":{"line":117,"column":0},"end":{"line":117,"column":20}},"117":{"start":{"line":118,"column":0},"end":{"line":118,"column":18}},"118":{"start":{"line":119,"column":0},"end":{"line":119,"column":16}},"119":{"start":{"line":120,"column":0},"end":{"line":120,"column":61}},"120":{"start":{"line":121,"column":0},"end":{"line":121,"column":17}},"121":{"start":{"line":122,"column":0},"end":{"line":122,"column":39}},"122":{"start":{"line":123,"column":0},"end":{"line":123,"column":81}},"123":{"start":{"line":124,"column":0},"end":{"line":124,"column":23}},"124":{"start":{"line":125,"column":0},"end":{"line":125,"column":30}},"125":{"start":{"line":126,"column":0},"end":{"line":126,"column":35}},"126":{"start":{"line":127,"column":0},"end":{"line":127,"column":35}},"127":{"start":{"line":128,"column":0},"end":{"line":128,"column":26}},"128":{"start":{"line":129,"column":0},"end":{"line":129,"column":37}},"129":{"start":{"line":130,"column":0},"end":{"line":130,"column":18}},"130":{"start":{"line":131,"column":0},"end":{"line":131,"column":24}},"131":{"start":{"line":132,"column":0},"end":{"line":132,"column":40}},"132":{"start":{"line":133,"column":0},"end":{"line":133,"column":69}},"133":{"start":{"line":134,"column":0},"end":{"line":134,"column":39}},"134":{"start":{"line":135,"column":0},"end":{"line":135,"column":17}},"136":{"start":{"line":137,"column":0},"end":{"line":137,"column":25}},"137":{"start":{"line":138,"column":0},"end":{"line":138,"column":20}},"138":{"start":{"line":139,"column":0},"end":{"line":139,"column":18}},"139":{"start":{"line":140,"column":0},"end":{"line":140,"column":17}},"140":{"start":{"line":141,"column":0},"end":{"line":141,"column":39}},"141":{"start":{"line":142,"column":0},"end":{"line":142,"column":81}},"142":{"start":{"line":143,"column":0},"end":{"line":143,"column":23}},"143":{"start":{"line":144,"column":0},"end":{"line":144,"column":30}},"144":{"start":{"line":145,"column":0},"end":{"line":145,"column":35}},"145":{"start":{"line":146,"column":0},"end":{"line":146,"column":35}},"146":{"start":{"line":147,"column":0},"end":{"line":147,"column":26}},"147":{"start":{"line":148,"column":0},"end":{"line":148,"column":37}},"148":{"start":{"line":149,"column":0},"end":{"line":149,"column":18}},"149":{"start":{"line":150,"column":0},"end":{"line":150,"column":24}},"150":{"start":{"line":151,"column":0},"end":{"line":151,"column":40}},"151":{"start":{"line":152,"column":0},"end":{"line":152,"column":69}},"152":{"start":{"line":153,"column":0},"end":{"line":153,"column":39}},"153":{"start":{"line":154,"column":0},"end":{"line":154,"column":17}},"155":{"start":{"line":156,"column":0},"end":{"line":156,"column":25}},"156":{"start":{"line":157,"column":0},"end":{"line":157,"column":20}},"157":{"start":{"line":158,"column":0},"end":{"line":158,"column":18}},"158":{"start":{"line":159,"column":0},"end":{"line":159,"column":16}},"159":{"start":{"line":160,"column":0},"end":{"line":160,"column":14}},"161":{"start":{"line":162,"column":0},"end":{"line":162,"column":33}},"162":{"start":{"line":163,"column":0},"end":{"line":163,"column":65}},"163":{"start":{"line":164,"column":0},"end":{"line":164,"column":90}},"164":{"start":{"line":165,"column":0},"end":{"line":165,"column":78}},"165":{"start":{"line":166,"column":0},"end":{"line":166,"column":14}},"166":{"start":{"line":167,"column":0},"end":{"line":167,"column":12}},"167":{"start":{"line":168,"column":0},"end":{"line":168,"column":10}},"169":{"start":{"line":170,"column":0},"end":{"line":170,"column":1}}},"s":{"0":1,"1":1,"2":1,"4":19,"5":19,"6":19,"7":19,"8":19,"9":19,"10":19,"12":19,"13":8,"14":8,"15":8,"16":8,"17":8,"19":19,"20":0,"21":0,"22":0,"23":0,"25":19,"26":1,"27":1,"28":1,"29":1,"30":1,"31":1,"32":1,"35":19,"36":11,"37":4,"38":11,"39":7,"40":7,"41":7,"42":7,"43":7,"44":19,"46":19,"47":19,"48":19,"49":19,"50":19,"52":19,"53":19,"54":19,"55":19,"56":19,"57":19,"58":19,"59":19,"60":19,"62":19,"63":19,"64":19,"65":19,"66":19,"67":19,"68":19,"69":19,"70":19,"71":0,"72":0,"73":0,"74":0,"75":0,"76":19,"78":19,"79":19,"80":19,"81":19,"82":19,"83":19,"84":19,"85":19,"86":19,"87":19,"88":19,"89":19,"90":19,"91":19,"92":19,"93":19,"94":19,"96":19,"97":19,"98":19,"99":19,"100":19,"101":19,"102":19,"103":19,"104":19,"105":19,"106":19,"107":19,"108":19,"109":19,"110":19,"111":19,"112":19,"113":19,"115":19,"116":19,"117":19,"118":19,"119":19,"120":19,"121":19,"122":19,"123":19,"124":19,"125":19,"126":19,"127":19,"128":19,"129":19,"130":19,"131":19,"132":19,"133":19,"134":19,"136":19,"137":19,"138":19,"139":19,"140":19,"141":19,"142":19,"143":19,"144":19,"145":19,"146":19,"147":19,"148":19,"149":19,"150":19,"151":19,"152":19,"153":19,"155":19,"156":19,"157":19,"158":19,"159":19,"161":19,"162":19,"163":19,"164":19,"165":19,"166":19,"167":19,"169":19},"branchMap":{"0":{"type":"branch","line":5,"loc":{"start":{"line":5,"column":0},"end":{"line":170,"column":1}},"locations":[{"start":{"line":5,"column":0},"end":{"line":170,"column":1}}]},"1":{"type":"branch","line":163,"loc":{"start":{"line":163,"column":11},"end":{"line":163,"column":65}},"locations":[{"start":{"line":163,"column":11},"end":{"line":163,"column":65}}]},"2":{"type":"branch","line":13,"loc":{"start":{"line":13,"column":24},"end":{"line":18,"column":4}},"locations":[{"start":{"line":13,"column":24},"end":{"line":18,"column":4}}]},"3":{"type":"branch","line":26,"loc":{"start":{"line":26,"column":22},"end":{"line":33,"column":4}},"locations":[{"start":{"line":26,"column":22},"end":{"line":33,"column":4}}]},"4":{"type":"branch","line":36,"loc":{"start":{"line":36,"column":18},"end":{"line":45,"column":5}},"locations":[{"start":{"line":36,"column":18},"end":{"line":45,"column":5}}]},"5":{"type":"branch","line":37,"loc":{"start":{"line":37,"column":15},"end":{"line":39,"column":11}},"locations":[{"start":{"line":37,"column":15},"end":{"line":39,"column":11}}]},"6":{"type":"branch","line":39,"loc":{"start":{"line":39,"column":4},"end":{"line":44,"column":5}},"locations":[{"start":{"line":39,"column":4},"end":{"line":44,"column":5}}]},"7":{"type":"branch","line":70,"loc":{"start":{"line":70,"column":20},"end":{"line":70,"column":52}},"locations":[{"start":{"line":70,"column":20},"end":{"line":70,"column":52}}]}},"b":{"0":[19],"1":[0],"2":[8],"3":[1],"4":[11],"5":[4],"6":[7],"7":[4]},"fnMap":{"0":{"name":"CaseConverter","decl":{"start":{"line":5,"column":0},"end":{"line":170,"column":1}},"loc":{"start":{"line":5,"column":0},"end":{"line":170,"column":1}},"line":5},"1":{"name":"handleConvert","decl":{"start":{"line":13,"column":24},"end":{"line":18,"column":4}},"loc":{"start":{"line":13,"column":24},"end":{"line":18,"column":4}},"line":13},"2":{"name":"handleCopy","decl":{"start":{"line":20,"column":21},"end":{"line":24,"column":4}},"loc":{"start":{"line":20,"column":21},"end":{"line":24,"column":4}},"line":20},"3":{"name":"handleClear","decl":{"start":{"line":26,"column":22},"end":{"line":33,"column":4}},"loc":{"start":{"line":26,"column":22},"end":{"line":33,"column":4}},"line":26},"4":{"name":"onChange","decl":{"start":{"line":70,"column":20},"end":{"line":70,"column":52}},"loc":{"start":{"line":70,"column":20},"end":{"line":70,"column":52}},"line":70},"5":{"name":"onKeyDown","decl":{"start":{"line":71,"column":21},"end":{"line":76,"column":12}},"loc":{"start":{"line":71,"column":21},"end":{"line":76,"column":12}},"line":71},"6":{"name":"onClick","decl":{"start":{"line":93,"column":27},"end":{"line":93,"column":68}},"loc":{"start":{"line":93,"column":27},"end":{"line":93,"column":68}},"line":93},"7":{"name":"onClick","decl":{"start":{"line":112,"column":27},"end":{"line":112,"column":69}},"loc":{"start":{"line":112,"column":27},"end":{"line":112,"column":69}},"line":112},"8":{"name":"onClick","decl":{"start":{"line":133,"column":27},"end":{"line":133,"column":69}},"loc":{"start":{"line":133,"column":27},"end":{"line":133,"column":69}},"line":133},"9":{"name":"onClick","decl":{"start":{"line":152,"column":27},"end":{"line":152,"column":69}},"loc":{"start":{"line":152,"column":27},"end":{"line":152,"column":69}},"line":152}},"f":{"0":19,"1":8,"2":0,"3":1,"4":4,"5":0,"6":0,"7":0,"8":0,"9":0}}
,"/Users/paul/code/devtools/src/tools/JsStringTool.jsx": {"path":"/Users/paul/code/devtools/src/tools/JsStringTool.jsx","all":false,"statementMap":{"0":{"start":{"line":1,"column":0},"end":{"line":1,"column":40}},"1":{"start":{"line":2,"column":0},"end":{"line":2,"column":48}},"2":{"start":{"line":3,"column":0},"end":{"line":3,"column":53}},"4":{"start":{"line":5,"column":0},"end":{"line":5,"column":40}},"5":{"start":{"line":6,"column":0},"end":{"line":6,"column":41}},"6":{"start":{"line":7,"column":0},"end":{"line":7,"column":43}},"7":{"start":{"line":8,"column":0},"end":{"line":8,"column":43}},"9":{"start":{"line":10,"column":0},"end":{"line":10,"column":31}},"10":{"start":{"line":11,"column":0},"end":{"line":11,"column":33}},"11":{"start":{"line":12,"column":0},"end":{"line":12,"column":4}},"13":{"start":{"line":14,"column":0},"end":{"line":14,"column":34}},"14":{"start":{"line":15,"column":0},"end":{"line":15,"column":49}},"15":{"start":{"line":16,"column":0},"end":{"line":16,"column":57}},"16":{"start":{"line":17,"column":0},"end":{"line":17,"column":42}},"17":{"start":{"line":18,"column":0},"end":{"line":18,"column":4}},"19":{"start":{"line":20,"column":0},"end":{"line":20,"column":29}},"20":{"start":{"line":21,"column":0},"end":{"line":21,"column":17}},"21":{"start":{"line":22,"column":0},"end":{"line":22,"column":18}},"22":{"start":{"line":23,"column":0},"end":{"line":23,"column":4}},"24":{"start":{"line":25,"column":0},"end":{"line":25,"column":10}},"25":{"start":{"line":26,"column":0},"end":{"line":26,"column":34}},"26":{"start":{"line":27,"column":0},"end":{"line":27,"column":35}},"27":{"start":{"line":28,"column":0},"end":{"line":28,"column":49}},"28":{"start":{"line":29,"column":0},"end":{"line":29,"column":40}},"31":{"start":{"line":32,"column":0},"end":{"line":32,"column":12}},"32":{"start":{"line":33,"column":0},"end":{"line":33,"column":35}},"33":{"start":{"line":34,"column":0},"end":{"line":34,"column":31}},"34":{"start":{"line":35,"column":0},"end":{"line":35,"column":152}},"35":{"start":{"line":36,"column":0},"end":{"line":36,"column":132}},"36":{"start":{"line":37,"column":0},"end":{"line":37,"column":14}},"37":{"start":{"line":38,"column":0},"end":{"line":38,"column":12}},"39":{"start":{"line":40,"column":0},"end":{"line":40,"column":11}},"40":{"start":{"line":41,"column":0},"end":{"line":41,"column":51}},"41":{"start":{"line":42,"column":0},"end":{"line":42,"column":18}},"42":{"start":{"line":43,"column":0},"end":{"line":43,"column":22}},"43":{"start":{"line":44,"column":0},"end":{"line":44,"column":23}},"44":{"start":{"line":45,"column":0},"end":{"line":45,"column":52}},"45":{"start":{"line":46,"column":0},"end":{"line":46,"column":88}},"46":{"start":{"line":47,"column":0},"end":{"line":47,"column":29}},"47":{"start":{"line":48,"column":0},"end":{"line":48,"column":51}},"48":{"start":{"line":49,"column":0},"end":{"line":49,"column":33}},"49":{"start":{"line":50,"column":0},"end":{"line":50,"column":30}},"50":{"start":{"line":51,"column":0},"end":{"line":51,"column":13}},"51":{"start":{"line":52,"column":0},"end":{"line":52,"column":12}},"52":{"start":{"line":53,"column":0},"end":{"line":53,"column":10}},"54":{"start":{"line":55,"column":0},"end":{"line":55,"column":87}},"55":{"start":{"line":56,"column":0},"end":{"line":56,"column":51}},"57":{"start":{"line":58,"column":0},"end":{"line":58,"column":33}},"58":{"start":{"line":59,"column":0},"end":{"line":59,"column":65}},"59":{"start":{"line":60,"column":0},"end":{"line":60,"column":86}},"60":{"start":{"line":61,"column":0},"end":{"line":61,"column":81}},"61":{"start":{"line":62,"column":0},"end":{"line":62,"column":74}},"62":{"start":{"line":63,"column":0},"end":{"line":63,"column":14}},"63":{"start":{"line":64,"column":0},"end":{"line":64,"column":12}},"64":{"start":{"line":65,"column":0},"end":{"line":65,"column":10}},"66":{"start":{"line":67,"column":0},"end":{"line":67,"column":1}}},"s":{"0":1,"1":1,"2":1,"4":1,"5":1,"6":1,"7":1,"9":1,"10":0,"11":0,"13":1,"14":0,"15":0,"16":0,"17":0,"19":1,"20":0,"21":0,"22":0,"24":1,"25":1,"26":1,"27":1,"28":1,"31":1,"32":1,"33":1,"34":1,"35":1,"36":1,"37":1,"39":1,"40":1,"41":1,"42":1,"43":1,"44":1,"45":1,"46":1,"47":0,"48":0,"49":0,"50":0,"51":0,"52":1,"54":1,"55":1,"57":1,"58":1,"59":1,"60":1,"61":1,"62":1,"63":1,"64":1,"66":1},"branchMap":{"0":{"type":"branch","line":5,"loc":{"start":{"line":5,"column":0},"end":{"line":67,"column":1}},"locations":[{"start":{"line":5,"column":0},"end":{"line":67,"column":1}}]},"1":{"type":"branch","line":59,"loc":{"start":{"line":59,"column":11},"end":{"line":59,"column":65}},"locations":[{"start":{"line":59,"column":11},"end":{"line":59,"column":65}}]}},"b":{"0":[1],"1":[0]},"fnMap":{"0":{"name":"JsStringTool","decl":{"start":{"line":5,"column":0},"end":{"line":67,"column":1}},"loc":{"start":{"line":5,"column":0},"end":{"line":67,"column":1}},"line":5},"1":{"name":"handleConvert","decl":{"start":{"line":10,"column":24},"end":{"line":12,"column":4}},"loc":{"start":{"line":10,"column":24},"end":{"line":12,"column":4}},"line":10},"2":{"name":"handleCopy","decl":{"start":{"line":14,"column":21},"end":{"line":18,"column":4}},"loc":{"start":{"line":14,"column":21},"end":{"line":18,"column":4}},"line":14},"3":{"name":"handleClear","decl":{"start":{"line":20,"column":22},"end":{"line":23,"column":4}},"loc":{"start":{"line":20,"column":22},"end":{"line":23,"column":4}},"line":20},"4":{"name":"onChange","decl":{"start":{"line":45,"column":20},"end":{"line":45,"column":52}},"loc":{"start":{"line":45,"column":20},"end":{"line":45,"column":52}},"line":45},"5":{"name":"onKeyDown","decl":{"start":{"line":47,"column":21},"end":{"line":52,"column":12}},"loc":{"start":{"line":47,"column":21},"end":{"line":52,"column":12}},"line":47}},"f":{"0":1,"1":0,"2":0,"3":0,"4":0,"5":0}}
,"/Users/paul/code/devtools/src/tools/JsonPrettifier.jsx": {"path":"/Users/paul/code/devtools/src/tools/JsonPrettifier.jsx","all":false,"statementMap":{"0":{"start":{"line":1,"column":0},"end":{"line":1,"column":40}},"1":{"start":{"line":2,"column":0},"end":{"line":2,"column":50}},"2":{"start":{"line":3,"column":0},"end":{"line":3,"column":53}},"4":{"start":{"line":5,"column":0},"end":{"line":5,"column":42}},"5":{"start":{"line":6,"column":0},"end":{"line":6,"column":41}},"6":{"start":{"line":7,"column":0},"end":{"line":7,"column":43}},"7":{"start":{"line":8,"column":0},"end":{"line":8,"column":43}},"8":{"start":{"line":9,"column":0},"end":{"line":9,"column":48}},"10":{"start":{"line":11,"column":0},"end":{"line":11,"column":32}},"11":{"start":{"line":12,"column":0},"end":{"line":12,"column":39}},"12":{"start":{"line":13,"column":0},"end":{"line":13,"column":25}},"13":{"start":{"line":14,"column":0},"end":{"line":14,"column":31}},"14":{"start":{"line":15,"column":0},"end":{"line":15,"column":30}},"15":{"start":{"line":16,"column":0},"end":{"line":16,"column":24}},"16":{"start":{"line":17,"column":0},"end":{"line":17,"column":12}},"17":{"start":{"line":18,"column":0},"end":{"line":18,"column":20}},"18":{"start":{"line":19,"column":0},"end":{"line":19,"column":49}},"19":{"start":{"line":20,"column":0},"end":{"line":20,"column":23}},"20":{"start":{"line":21,"column":0},"end":{"line":21,"column":5}},"21":{"start":{"line":22,"column":0},"end":{"line":22,"column":4}},"23":{"start":{"line":24,"column":0},"end":{"line":24,"column":34}},"24":{"start":{"line":25,"column":0},"end":{"line":25,"column":49}},"25":{"start":{"line":26,"column":0},"end":{"line":26,"column":57}},"26":{"start":{"line":27,"column":0},"end":{"line":27,"column":42}},"27":{"start":{"line":28,"column":0},"end":{"line":28,"column":4}},"29":{"start":{"line":30,"column":0},"end":{"line":30,"column":29}},"30":{"start":{"line":31,"column":0},"end":{"line":31,"column":17}},"31":{"start":{"line":32,"column":0},"end":{"line":32,"column":18}},"32":{"start":{"line":33,"column":0},"end":{"line":33,"column":18}},"33":{"start":{"line":34,"column":0},"end":{"line":34,"column":22}},"34":{"start":{"line":35,"column":0},"end":{"line":35,"column":4}},"36":{"start":{"line":37,"column":0},"end":{"line":37,"column":10}},"37":{"start":{"line":38,"column":0},"end":{"line":38,"column":34}},"38":{"start":{"line":39,"column":0},"end":{"line":39,"column":35}},"39":{"start":{"line":40,"column":0},"end":{"line":40,"column":32}},"40":{"start":{"line":41,"column":0},"end":{"line":41,"column":40}},"42":{"start":{"line":43,"column":0},"end":{"line":43,"column":12}},"43":{"start":{"line":44,"column":0},"end":{"line":44,"column":35}},"44":{"start":{"line":45,"column":0},"end":{"line":45,"column":27}},"45":{"start":{"line":46,"column":0},"end":{"line":46,"column":59}},"46":{"start":{"line":47,"column":0},"end":{"line":47,"column":51}},"47":{"start":{"line":48,"column":0},"end":{"line":48,"column":52}},"48":{"start":{"line":49,"column":0},"end":{"line":49,"column":14}},"49":{"start":{"line":50,"column":0},"end":{"line":50,"column":12}},"51":{"start":{"line":52,"column":0},"end":{"line":52,"column":11}},"52":{"start":{"line":53,"column":0},"end":{"line":53,"column":56}},"53":{"start":{"line":54,"column":0},"end":{"line":54,"column":18}},"54":{"start":{"line":55,"column":0},"end":{"line":55,"column":27}},"55":{"start":{"line":56,"column":0},"end":{"line":56,"column":26}},"56":{"start":{"line":57,"column":0},"end":{"line":57,"column":23}},"57":{"start":{"line":58,"column":0},"end":{"line":58,"column":52}},"58":{"start":{"line":59,"column":0},"end":{"line":59,"column":83}},"59":{"start":{"line":60,"column":0},"end":{"line":60,"column":29}},"60":{"start":{"line":61,"column":0},"end":{"line":61,"column":51}},"61":{"start":{"line":62,"column":0},"end":{"line":62,"column":33}},"62":{"start":{"line":63,"column":0},"end":{"line":63,"column":31}},"63":{"start":{"line":64,"column":0},"end":{"line":64,"column":13}},"64":{"start":{"line":65,"column":0},"end":{"line":65,"column":12}},"65":{"start":{"line":66,"column":0},"end":{"line":66,"column":10}},"67":{"start":{"line":68,"column":0},"end":{"line":68,"column":69}},"68":{"start":{"line":69,"column":0},"end":{"line":69,"column":18}},"69":{"start":{"line":70,"column":0},"end":{"line":70,"column":34}},"70":{"start":{"line":71,"column":0},"end":{"line":71,"column":24}},"71":{"start":{"line":72,"column":0},"end":{"line":72,"column":18}},"72":{"start":{"line":73,"column":0},"end":{"line":73,"column":10}},"74":{"start":{"line":75,"column":0},"end":{"line":75,"column":33}},"75":{"start":{"line":76,"column":0},"end":{"line":76,"column":22}},"76":{"start":{"line":77,"column":0},"end":{"line":77,"column":80}},"78":{"start":{"line":79,"column":0},"end":{"line":79,"column":86}},"79":{"start":{"line":80,"column":0},"end":{"line":80,"column":81}},"80":{"start":{"line":81,"column":0},"end":{"line":81,"column":76}},"81":{"start":{"line":82,"column":0},"end":{"line":82,"column":14}},"82":{"start":{"line":83,"column":0},"end":{"line":83,"column":12}},"83":{"start":{"line":84,"column":0},"end":{"line":84,"column":10}},"85":{"start":{"line":86,"column":0},"end":{"line":86,"column":1}}},"s":{"0":1,"1":1,"2":1,"4":17,"5":17,"6":17,"7":17,"8":17,"10":17,"11":4,"12":4,"13":3,"14":3,"15":3,"16":4,"17":1,"18":1,"19":1,"20":1,"21":4,"23":17,"24":1,"25":1,"26":1,"27":1,"29":17,"30":0,"31":0,"32":0,"33":0,"34":0,"36":17,"37":17,"38":17,"39":17,"40":17,"42":17,"43":17,"44":17,"45":17,"46":17,"47":17,"48":17,"49":17,"51":17,"52":17,"53":17,"54":17,"55":17,"56":17,"57":17,"58":17,"59":17,"60":0,"61":0,"62":0,"63":0,"64":0,"65":17,"67":17,"68":17,"69":17,"70":17,"71":17,"72":17,"74":17,"75":17,"76":4,"78":17,"79":17,"80":17,"81":17,"82":17,"83":17,"85":17},"branchMap":{"0":{"type":"branch","line":5,"loc":{"start":{"line":5,"column":0},"end":{"line":86,"column":1}},"locations":[{"start":{"line":5,"column":0},"end":{"line":86,"column":1}}]},"1":{"type":"branch","line":76,"loc":{"start":{"line":76,"column":11},"end":{"line":77,"column":80}},"locations":[{"start":{"line":76,"column":11},"end":{"line":77,"column":80}}]},"2":{"type":"branch","line":77,"loc":{"start":{"line":77,"column":39},"end":{"line":77,"column":57}},"locations":[{"start":{"line":77,"column":39},"end":{"line":77,"column":57}}]},"3":{"type":"branch","line":77,"loc":{"start":{"line":77,"column":49},"end":{"line":77,"column":61}},"locations":[{"start":{"line":77,"column":49},"end":{"line":77,"column":61}}]},"4":{"type":"branch","line":11,"loc":{"start":{"line":11,"column":25},"end":{"line":22,"column":4}},"locations":[{"start":{"line":11,"column":25},"end":{"line":22,"column":4}}]},"5":{"type":"branch","line":13,"loc":{"start":{"line":13,"column":24},"end":{"line":17,"column":11}},"locations":[{"start":{"line":13,"column":24},"end":{"line":17,"column":11}}]},"6":{"type":"branch","line":17,"loc":{"start":{"line":17,"column":4},"end":{"line":21,"column":5}},"locations":[{"start":{"line":17,"column":4},"end":{"line":21,"column":5}}]},"7":{"type":"branch","line":24,"loc":{"start":{"line":24,"column":21},"end":{"line":28,"column":4}},"locations":[{"start":{"line":24,"column":21},"end":{"line":28,"column":4}}]},"8":{"type":"branch","line":26,"loc":{"start":{"line":26,"column":31},"end":{"line":26,"column":55}},"locations":[{"start":{"line":26,"column":31},"end":{"line":26,"column":55}}]},"9":{"type":"branch","line":58,"loc":{"start":{"line":58,"column":20},"end":{"line":58,"column":52}},"locations":[{"start":{"line":58,"column":20},"end":{"line":58,"column":52}}]}},"b":{"0":[17],"1":[4],"2":[1],"3":[3],"4":[4],"5":[3],"6":[1],"7":[1],"8":[0],"9":[4]},"fnMap":{"0":{"name":"JsonPrettifier","decl":{"start":{"line":5,"column":0},"end":{"line":86,"column":1}},"loc":{"start":{"line":5,"column":0},"end":{"line":86,"column":1}},"line":5},"1":{"name":"handlePrettify","decl":{"start":{"line":11,"column":25},"end":{"line":22,"column":4}},"loc":{"start":{"line":11,"column":25},"end":{"line":22,"column":4}},"line":11},"2":{"name":"handleCopy","decl":{"start":{"line":24,"column":21},"end":{"line":28,"column":4}},"loc":{"start":{"line":24,"column":21},"end":{"line":28,"column":4}},"line":24},"3":{"name":"handleClear","decl":{"start":{"line":30,"column":22},"end":{"line":35,"column":4}},"loc":{"start":{"line":30,"column":22},"end":{"line":35,"column":4}},"line":30},"4":{"name":"onChange","decl":{"start":{"line":58,"column":20},"end":{"line":58,"column":52}},"loc":{"start":{"line":58,"column":20},"end":{"line":58,"column":52}},"line":58},"5":{"name":"onKeyDown","decl":{"start":{"line":60,"column":21},"end":{"line":65,"column":12}},"loc":{"start":{"line":60,"column":21},"end":{"line":65,"column":12}},"line":60}},"f":{"0":17,"1":4,"2":1,"3":0,"4":4,"5":0}}
,"/Users/paul/code/devtools/src/tools/JwtDecoder.jsx": {"path":"/Users/paul/code/devtools/src/tools/JwtDecoder.jsx","all":false,"statementMap":{"0":{"start":{"line":1,"column":0},"end":{"line":1,"column":40}},"1":{"start":{"line":2,"column":0},"end":{"line":2,"column":49}},"2":{"start":{"line":3,"column":0},"end":{"line":3,"column":53}},"4":{"start":{"line":5,"column":0},"end":{"line":5,"column":38}},"5":{"start":{"line":6,"column":0},"end":{"line":6,"column":47}},"6":{"start":{"line":7,"column":0},"end":{"line":7,"column":43}},"7":{"start":{"line":8,"column":0},"end":{"line":8,"column":45}},"8":{"start":{"line":9,"column":0},"end":{"line":9,"column":43}},"9":{"start":{"line":10,"column":0},"end":{"line":10,"column":48}},"11":{"start":{"line":12,"column":0},"end":{"line":12,"column":30}},"12":{"start":{"line":13,"column":0},"end":{"line":13,"column":27}},"13":{"start":{"line":14,"column":0},"end":{"line":14,"column":20}},"14":{"start":{"line":15,"column":0},"end":{"line":15,"column":21}},"15":{"start":{"line":16,"column":0},"end":{"line":16,"column":44}},"16":{"start":{"line":17,"column":0},"end":{"line":17,"column":23}},"17":{"start":{"line":18,"column":0},"end":{"line":18,"column":44}},"18":{"start":{"line":19,"column":0},"end":{"line":19,"column":13}},"19":{"start":{"line":20,"column":0},"end":{"line":20,"column":5}},"21":{"start":{"line":22,"column":0},"end":{"line":22,"column":39}},"23":{"start":{"line":24,"column":0},"end":{"line":24,"column":25}},"24":{"start":{"line":25,"column":0},"end":{"line":25,"column":31}},"25":{"start":{"line":26,"column":0},"end":{"line":26,"column":33}},"26":{"start":{"line":27,"column":0},"end":{"line":27,"column":40}},"27":{"start":{"line":28,"column":0},"end":{"line":28,"column":24}},"28":{"start":{"line":29,"column":0},"end":{"line":29,"column":12}},"29":{"start":{"line":30,"column":0},"end":{"line":30,"column":20}},"30":{"start":{"line":31,"column":0},"end":{"line":31,"column":31}},"31":{"start":{"line":32,"column":0},"end":{"line":32,"column":36}},"32":{"start":{"line":33,"column":0},"end":{"line":33,"column":23}},"33":{"start":{"line":34,"column":0},"end":{"line":34,"column":5}},"35":{"start":{"line":36,"column":0},"end":{"line":36,"column":42}},"36":{"start":{"line":37,"column":0},"end":{"line":37,"column":4}},"38":{"start":{"line":39,"column":0},"end":{"line":39,"column":44}},"39":{"start":{"line":40,"column":0},"end":{"line":40,"column":47}},"40":{"start":{"line":41,"column":0},"end":{"line":41,"column":65}},"41":{"start":{"line":42,"column":0},"end":{"line":42,"column":32}},"42":{"start":{"line":43,"column":0},"end":{"line":43,"column":42}},"43":{"start":{"line":44,"column":0},"end":{"line":44,"column":4}},"45":{"start":{"line":46,"column":0},"end":{"line":46,"column":29}},"46":{"start":{"line":47,"column":0},"end":{"line":47,"column":20}},"47":{"start":{"line":48,"column":0},"end":{"line":48,"column":18}},"48":{"start":{"line":49,"column":0},"end":{"line":49,"column":19}},"49":{"start":{"line":50,"column":0},"end":{"line":50,"column":18}},"50":{"start":{"line":51,"column":0},"end":{"line":51,"column":22}},"51":{"start":{"line":52,"column":0},"end":{"line":52,"column":4}},"54":{"start":{"line":55,"column":0},"end":{"line":55,"column":25}},"55":{"start":{"line":56,"column":0},"end":{"line":56,"column":54}},"56":{"start":{"line":57,"column":0},"end":{"line":57,"column":38}},"57":{"start":{"line":58,"column":0},"end":{"line":58,"column":23}},"58":{"start":{"line":59,"column":0},"end":{"line":59,"column":14}},"59":{"start":{"line":60,"column":0},"end":{"line":60,"column":39}},"60":{"start":{"line":61,"column":0},"end":{"line":61,"column":12}},"61":{"start":{"line":62,"column":0},"end":{"line":62,"column":20}},"62":{"start":{"line":63,"column":0},"end":{"line":63,"column":21}},"63":{"start":{"line":64,"column":0},"end":{"line":64,"column":5}},"64":{"start":{"line":65,"column":0},"end":{"line":65,"column":17}},"66":{"start":{"line":67,"column":0},"end":{"line":67,"column":10}},"67":{"start":{"line":68,"column":0},"end":{"line":68,"column":34}},"68":{"start":{"line":69,"column":0},"end":{"line":69,"column":35}},"69":{"start":{"line":70,"column":0},"end":{"line":70,"column":28}},"70":{"start":{"line":71,"column":0},"end":{"line":71,"column":40}},"72":{"start":{"line":73,"column":0},"end":{"line":73,"column":12}},"73":{"start":{"line":74,"column":0},"end":{"line":74,"column":35}},"74":{"start":{"line":75,"column":0},"end":{"line":75,"column":34}},"75":{"start":{"line":76,"column":0},"end":{"line":76,"column":83}},"76":{"start":{"line":77,"column":0},"end":{"line":77,"column":67}},"77":{"start":{"line":78,"column":0},"end":{"line":78,"column":69}},"78":{"start":{"line":79,"column":0},"end":{"line":79,"column":85}},"79":{"start":{"line":80,"column":0},"end":{"line":80,"column":67}},"80":{"start":{"line":81,"column":0},"end":{"line":81,"column":14}},"81":{"start":{"line":82,"column":0},"end":{"line":82,"column":12}},"83":{"start":{"line":84,"column":0},"end":{"line":84,"column":11}},"84":{"start":{"line":85,"column":0},"end":{"line":85,"column":48}},"85":{"start":{"line":86,"column":0},"end":{"line":86,"column":18}},"86":{"start":{"line":87,"column":0},"end":{"line":87,"column":20}},"87":{"start":{"line":88,"column":0},"end":{"line":88,"column":26}},"88":{"start":{"line":89,"column":0},"end":{"line":89,"column":26}},"89":{"start":{"line":90,"column":0},"end":{"line":90,"column":55}},"90":{"start":{"line":91,"column":0},"end":{"line":91,"column":68}},"91":{"start":{"line":92,"column":0},"end":{"line":92,"column":40}},"92":{"start":{"line":93,"column":0},"end":{"line":93,"column":29}},"93":{"start":{"line":94,"column":0},"end":{"line":94,"column":51}},"94":{"start":{"line":95,"column":0},"end":{"line":95,"column":33}},"95":{"start":{"line":96,"column":0},"end":{"line":96,"column":29}},"96":{"start":{"line":97,"column":0},"end":{"line":97,"column":13}},"97":{"start":{"line":98,"column":0},"end":{"line":98,"column":12}},"98":{"start":{"line":99,"column":0},"end":{"line":99,"column":10}},"100":{"start":{"line":101,"column":0},"end":{"line":101,"column":59}},"101":{"start":{"line":102,"column":0},"end":{"line":102,"column":15}},"102":{"start":{"line":103,"column":0},"end":{"line":103,"column":41}},"103":{"start":{"line":104,"column":0},"end":{"line":104,"column":22}},"104":{"start":{"line":105,"column":0},"end":{"line":105,"column":37}},"105":{"start":{"line":106,"column":0},"end":{"line":106,"column":28}},"106":{"start":{"line":107,"column":0},"end":{"line":107,"column":22}},"107":{"start":{"line":108,"column":0},"end":{"line":108,"column":55}},"108":{"start":{"line":109,"column":0},"end":{"line":109,"column":44}},"109":{"start":{"line":110,"column":0},"end":{"line":110,"column":14}},"110":{"start":{"line":111,"column":0},"end":{"line":111,"column":20}},"111":{"start":{"line":112,"column":0},"end":{"line":112,"column":36}},"112":{"start":{"line":113,"column":0},"end":{"line":113,"column":58}},"113":{"start":{"line":114,"column":0},"end":{"line":114,"column":43}},"114":{"start":{"line":115,"column":0},"end":{"line":115,"column":42}},"115":{"start":{"line":116,"column":0},"end":{"line":116,"column":13}},"117":{"start":{"line":118,"column":0},"end":{"line":118,"column":21}},"118":{"start":{"line":119,"column":0},"end":{"line":119,"column":16}},"119":{"start":{"line":120,"column":0},"end":{"line":120,"column":15}},"120":{"start":{"line":121,"column":0},"end":{"line":121,"column":42}},"121":{"start":{"line":122,"column":0},"end":{"line":122,"column":22}},"122":{"start":{"line":123,"column":0},"end":{"line":123,"column":76}},"123":{"start":{"line":124,"column":0},"end":{"line":124,"column":29}},"124":{"start":{"line":125,"column":0},"end":{"line":125,"column":22}},"125":{"start":{"line":126,"column":0},"end":{"line":126,"column":56}},"126":{"start":{"line":127,"column":0},"end":{"line":127,"column":44}},"127":{"start":{"line":128,"column":0},"end":{"line":128,"column":14}},"128":{"start":{"line":129,"column":0},"end":{"line":129,"column":20}},"129":{"start":{"line":130,"column":0},"end":{"line":130,"column":36}},"130":{"start":{"line":131,"column":0},"end":{"line":131,"column":60}},"131":{"start":{"line":132,"column":0},"end":{"line":132,"column":44}},"132":{"start":{"line":133,"column":0},"end":{"line":133,"column":42}},"133":{"start":{"line":134,"column":0},"end":{"line":134,"column":13}},"135":{"start":{"line":136,"column":0},"end":{"line":136,"column":21}},"136":{"start":{"line":137,"column":0},"end":{"line":137,"column":16}},"137":{"start":{"line":138,"column":0},"end":{"line":138,"column":14}},"139":{"start":{"line":140,"column":0},"end":{"line":140,"column":33}},"140":{"start":{"line":141,"column":0},"end":{"line":141,"column":22}},"141":{"start":{"line":142,"column":0},"end":{"line":142,"column":80}},"143":{"start":{"line":144,"column":0},"end":{"line":144,"column":87}},"145":{"start":{"line":146,"column":0},"end":{"line":146,"column":17}},"146":{"start":{"line":147,"column":0},"end":{"line":147,"column":86}},"147":{"start":{"line":148,"column":0},"end":{"line":148,"column":78}},"148":{"start":{"line":149,"column":0},"end":{"line":149,"column":14}},"149":{"start":{"line":150,"column":0},"end":{"line":150,"column":12}},"150":{"start":{"line":151,"column":0},"end":{"line":151,"column":10}},"152":{"start":{"line":153,"column":0},"end":{"line":153,"column":1}}},"s":{"0":1,"1":1,"2":1,"4":1,"5":1,"6":1,"7":1,"8":1,"9":1,"11":1,"12":0,"13":0,"14":0,"15":0,"16":0,"17":0,"18":0,"19":0,"21":0,"23":0,"24":0,"25":0,"26":0,"27":0,"28":0,"29":0,"30":0,"31":0,"32":0,"33":0,"35":0,"36":0,"38":1,"39":0,"40":0,"41":0,"42":0,"43":0,"45":1,"46":0,"47":0,"48":0,"49":0,"50":0,"51":0,"54":1,"55":1,"56":0,"57":0,"58":0,"59":0,"60":1,"61":1,"62":1,"63":1,"64":1,"66":1,"67":1,"68":1,"69":1,"70":1,"72":1,"73":1,"74":1,"75":1,"76":1,"77":1,"78":1,"79":1,"80":1,"81":1,"83":1,"84":1,"85":1,"86":1,"87":1,"88":1,"89":1,"90":1,"91":1,"92":1,"93":0,"94":0,"95":0,"96":0,"97":0,"98":1,"100":1,"101":1,"102":1,"103":1,"104":1,"105":1,"106":1,"107":1,"108":1,"109":1,"110":1,"111":1,"112":1,"113":1,"114":1,"115":1,"117":1,"118":1,"119":1,"120":1,"121":1,"122":1,"123":1,"124":1,"125":1,"126":1,"127":1,"128":1,"129":1,"130":1,"131":1,"132":1,"133":1,"135":1,"136":1,"137":1,"139":1,"140":1,"141":0,"143":1,"145":1,"146":1,"147":1,"148":1,"149":1,"150":1,"152":1},"branchMap":{"0":{"type":"branch","line":5,"loc":{"start":{"line":5,"column":0},"end":{"line":153,"column":1}},"locations":[{"start":{"line":5,"column":0},"end":{"line":153,"column":1}}]},"1":{"type":"branch","line":114,"loc":{"start":{"line":114,"column":25},"end":{"line":114,"column":43}},"locations":[{"start":{"line":114,"column":25},"end":{"line":114,"column":43}}]},"2":{"type":"branch","line":123,"loc":{"start":{"line":123,"column":40},"end":{"line":123,"column":61}},"locations":[{"start":{"line":123,"column":40},"end":{"line":123,"column":61}}]},"3":{"type":"branch","line":123,"loc":{"start":{"line":123,"column":51},"end":{"line":123,"column":71}},"locations":[{"start":{"line":123,"column":51},"end":{"line":123,"column":71}}]},"4":{"type":"branch","line":132,"loc":{"start":{"line":132,"column":25},"end":{"line":132,"column":44}},"locations":[{"start":{"line":132,"column":25},"end":{"line":132,"column":44}}]},"5":{"type":"branch","line":141,"loc":{"start":{"line":141,"column":11},"end":{"line":142,"column":80}},"locations":[{"start":{"line":141,"column":11},"end":{"line":142,"column":80}}]},"6":{"type":"branch","line":55,"loc":{"start":{"line":55,"column":18},"end":{"line":65,"column":5}},"locations":[{"start":{"line":55,"column":18},"end":{"line":65,"column":5}}]},"7":{"type":"branch","line":56,"loc":{"start":{"line":56,"column":8},"end":{"line":56,"column":53}},"locations":[{"start":{"line":56,"column":8},"end":{"line":56,"column":53}}]},"8":{"type":"branch","line":56,"loc":{"start":{"line":56,"column":53},"end":{"line":61,"column":11}},"locations":[{"start":{"line":56,"column":53},"end":{"line":61,"column":11}}]}},"b":{"0":[1],"1":[0],"2":[0],"3":[0],"4":[0],"5":[0],"6":[1],"7":[0],"8":[0]},"fnMap":{"0":{"name":"JwtDecoder","decl":{"start":{"line":5,"column":0},"end":{"line":153,"column":1}},"loc":{"start":{"line":5,"column":0},"end":{"line":153,"column":1}},"line":5},"1":{"name":"handleDecode","decl":{"start":{"line":12,"column":23},"end":{"line":37,"column":4}},"loc":{"start":{"line":12,"column":23},"end":{"line":37,"column":4}},"line":12},"2":{"name":"handleCopy","decl":{"start":{"line":39,"column":21},"end":{"line":44,"column":4}},"loc":{"start":{"line":39,"column":21},"end":{"line":44,"column":4}},"line":39},"3":{"name":"handleClear","decl":{"start":{"line":46,"column":22},"end":{"line":52,"column":4}},"loc":{"start":{"line":46,"column":22},"end":{"line":52,"column":4}},"line":46},"4":{"name":"onChange","decl":{"start":{"line":90,"column":20},"end":{"line":90,"column":55}},"loc":{"start":{"line":90,"column":20},"end":{"line":90,"column":55}},"line":90},"5":{"name":"onKeyDown","decl":{"start":{"line":93,"column":21},"end":{"line":98,"column":12}},"loc":{"start":{"line":93,"column":21},"end":{"line":98,"column":12}},"line":93},"6":{"name":"onClick","decl":{"start":{"line":113,"column":23},"end":{"line":113,"column":58}},"loc":{"start":{"line":113,"column":23},"end":{"line":113,"column":58}},"line":113},"7":{"name":"onClick","decl":{"start":{"line":131,"column":23},"end":{"line":131,"column":60}},"loc":{"start":{"line":131,"column":23},"end":{"line":131,"column":60}},"line":131}},"f":{"0":1,"1":0,"2":0,"3":0,"4":0,"5":0,"6":0,"7":0}}
,"/Users/paul/code/devtools/src/tools/PasswordGenerator.jsx": {"path":"/Users/paul/code/devtools/src/tools/PasswordGenerator.jsx","all":false,"statementMap":{"0":{"start":{"line":1,"column":0},"end":{"line":1,"column":51}},"1":{"start":{"line":2,"column":0},"end":{"line":2,"column":53}},"3":{"start":{"line":4,"column":0},"end":{"line":4,"column":45}},"4":{"start":{"line":5,"column":0},"end":{"line":5,"column":47}},"5":{"start":{"line":6,"column":0},"end":{"line":6,"column":43}},"6":{"start":{"line":7,"column":0},"end":{"line":7,"column":65}},"7":{"start":{"line":8,"column":0},"end":{"line":8,"column":65}},"8":{"start":{"line":9,"column":0},"end":{"line":9,"column":61}},"9":{"start":{"line":10,"column":0},"end":{"line":10,"column":61}},"10":{"start":{"line":11,"column":0},"end":{"line":11,"column":62}},"11":{"start":{"line":12,"column":0},"end":{"line":12,"column":57}},"12":{"start":{"line":13,"column":0},"end":{"line":13,"column":57}},"13":{"start":{"line":14,"column":0},"end":{"line":14,"column":43}},"14":{"start":{"line":15,"column":0},"end":{"line":15,"column":78}},"15":{"start":{"line":16,"column":0},"end":{"line":16,"column":45}},"17":{"start":{"line":18,"column":0},"end":{"line":18,"column":20}},"18":{"start":{"line":19,"column":0},"end":{"line":19,"column":44}},"19":{"start":{"line":20,"column":0},"end":{"line":20,"column":44}},"20":{"start":{"line":21,"column":0},"end":{"line":21,"column":26}},"21":{"start":{"line":22,"column":0},"end":{"line":22,"column":42}},"22":{"start":{"line":23,"column":0},"end":{"line":23,"column":22}},"23":{"start":{"line":24,"column":0},"end":{"line":24,"column":4}},"25":{"start":{"line":26,"column":0},"end":{"line":26,"column":19}},"26":{"start":{"line":27,"column":0},"end":{"line":27,"column":23}},"27":{"start":{"line":28,"column":0},"end":{"line":28,"column":9}},"29":{"start":{"line":30,"column":0},"end":{"line":30,"column":19}},"30":{"start":{"line":31,"column":0},"end":{"line":31,"column":19}},"31":{"start":{"line":32,"column":0},"end":{"line":32,"column":26}},"32":{"start":{"line":33,"column":0},"end":{"line":33,"column":5}},"33":{"start":{"line":34,"column":0},"end":{"line":34,"column":17}},"35":{"start":{"line":36,"column":0},"end":{"line":36,"column":34}},"36":{"start":{"line":37,"column":0},"end":{"line":37,"column":21}},"38":{"start":{"line":39,"column":0},"end":{"line":39,"column":56}},"39":{"start":{"line":40,"column":0},"end":{"line":40,"column":56}},"40":{"start":{"line":41,"column":0},"end":{"line":41,"column":52}},"41":{"start":{"line":42,"column":0},"end":{"line":42,"column":52}},"42":{"start":{"line":43,"column":0},"end":{"line":43,"column":48}},"45":{"start":{"line":46,"column":0},"end":{"line":46,"column":25}},"46":{"start":{"line":47,"column":0},"end":{"line":47,"column":50}},"47":{"start":{"line":48,"column":0},"end":{"line":48,"column":61}},"48":{"start":{"line":49,"column":0},"end":{"line":49,"column":9}},"49":{"start":{"line":50,"column":0},"end":{"line":50,"column":5}},"50":{"start":{"line":51,"column":0},"end":{"line":51,"column":24}},"51":{"start":{"line":52,"column":0},"end":{"line":52,"column":47}},"52":{"start":{"line":53,"column":0},"end":{"line":53,"column":100}},"53":{"start":{"line":54,"column":0},"end":{"line":54,"column":9}},"54":{"start":{"line":55,"column":0},"end":{"line":55,"column":5}},"56":{"start":{"line":57,"column":0},"end":{"line":57,"column":19}},"57":{"start":{"line":58,"column":0},"end":{"line":58,"column":61}},"58":{"start":{"line":59,"column":0},"end":{"line":59,"column":13}},"59":{"start":{"line":60,"column":0},"end":{"line":60,"column":5}},"62":{"start":{"line":63,"column":0},"end":{"line":63,"column":42}},"63":{"start":{"line":64,"column":0},"end":{"line":64,"column":34}},"65":{"start":{"line":66,"column":0},"end":{"line":66,"column":25}},"66":{"start":{"line":67,"column":0},"end":{"line":67,"column":38}},"67":{"start":{"line":68,"column":0},"end":{"line":68,"column":56}},"68":{"start":{"line":69,"column":0},"end":{"line":69,"column":5}},"71":{"start":{"line":72,"column":0},"end":{"line":72,"column":29}},"72":{"start":{"line":73,"column":0},"end":{"line":73,"column":80}},"73":{"start":{"line":74,"column":0},"end":{"line":74,"column":80}},"74":{"start":{"line":75,"column":0},"end":{"line":75,"column":76}},"75":{"start":{"line":76,"column":0},"end":{"line":76,"column":76}},"78":{"start":{"line":79,"column":0},"end":{"line":79,"column":44}},"79":{"start":{"line":80,"column":0},"end":{"line":80,"column":27}},"80":{"start":{"line":81,"column":0},"end":{"line":81,"column":61}},"81":{"start":{"line":82,"column":0},"end":{"line":82,"column":104}},"82":{"start":{"line":83,"column":0},"end":{"line":83,"column":7}},"83":{"start":{"line":84,"column":0},"end":{"line":84,"column":7}},"85":{"start":{"line":86,"column":0},"end":{"line":86,"column":29}},"86":{"start":{"line":87,"column":0},"end":{"line":87,"column":18}},"89":{"start":{"line":90,"column":0},"end":{"line":90,"column":90}},"90":{"start":{"line":91,"column":0},"end":{"line":91,"column":4}},"92":{"start":{"line":93,"column":0},"end":{"line":93,"column":38}},"93":{"start":{"line":94,"column":0},"end":{"line":94,"column":37}},"94":{"start":{"line":95,"column":0},"end":{"line":95,"column":34}},"95":{"start":{"line":96,"column":0},"end":{"line":96,"column":46}},"96":{"start":{"line":97,"column":0},"end":{"line":97,"column":4}},"98":{"start":{"line":99,"column":0},"end":{"line":99,"column":35}},"99":{"start":{"line":100,"column":0},"end":{"line":100,"column":18}},"100":{"start":{"line":101,"column":0},"end":{"line":101,"column":20}},"101":{"start":{"line":102,"column":0},"end":{"line":102,"column":36}},"102":{"start":{"line":103,"column":0},"end":{"line":103,"column":38}},"103":{"start":{"line":104,"column":0},"end":{"line":104,"column":40}},"104":{"start":{"line":105,"column":0},"end":{"line":105,"column":40}},"105":{"start":{"line":106,"column":0},"end":{"line":106,"column":35}},"106":{"start":{"line":107,"column":0},"end":{"line":107,"column":45}},"107":{"start":{"line":108,"column":0},"end":{"line":108,"column":45}},"108":{"start":{"line":109,"column":0},"end":{"line":109,"column":73}},"109":{"start":{"line":110,"column":0},"end":{"line":110,"column":6}},"112":{"start":{"line":113,"column":0},"end":{"line":113,"column":35}},"113":{"start":{"line":114,"column":0},"end":{"line":114,"column":37}},"114":{"start":{"line":115,"column":0},"end":{"line":115,"column":38}},"115":{"start":{"line":116,"column":0},"end":{"line":116,"column":38}},"116":{"start":{"line":117,"column":0},"end":{"line":117,"column":36}},"117":{"start":{"line":118,"column":0},"end":{"line":118,"column":36}},"118":{"start":{"line":119,"column":0},"end":{"line":119,"column":37}},"119":{"start":{"line":120,"column":0},"end":{"line":120,"column":36}},"122":{"start":{"line":123,"column":0},"end":{"line":123,"column":20}},"123":{"start":{"line":124,"column":0},"end":{"line":124,"column":21}},"124":{"start":{"line":125,"column":0},"end":{"line":125,"column":25}},"125":{"start":{"line":126,"column":0},"end":{"line":126,"column":24}},"126":{"start":{"line":127,"column":0},"end":{"line":127,"column":28}},"127":{"start":{"line":128,"column":0},"end":{"line":128,"column":20}},"128":{"start":{"line":129,"column":0},"end":{"line":129,"column":24}},"129":{"start":{"line":130,"column":0},"end":{"line":130,"column":28}},"130":{"start":{"line":131,"column":0},"end":{"line":131,"column":20}},"131":{"start":{"line":132,"column":0},"end":{"line":132,"column":24}},"132":{"start":{"line":133,"column":0},"end":{"line":133,"column":28}},"133":{"start":{"line":134,"column":0},"end":{"line":134,"column":22}},"134":{"start":{"line":135,"column":0},"end":{"line":135,"column":24}},"135":{"start":{"line":136,"column":0},"end":{"line":136,"column":12}},"13
[...]
":39,"column":55}},"39":{"start":{"line":40,"column":0},"end":{"line":40,"column":66}},"40":{"start":{"line":41,"column":0},"end":{"line":41,"column":56}},"41":{"start":{"line":42,"column":0},"end":{"line":42,"column":27}},"42":{"start":{"line":43,"column":0},"end":{"line":43,"column":27}},"43":{"start":{"line":44,"column":0},"end":{"line":44,"column":9}},"44":{"start":{"line":45,"column":0},"end":{"line":45,"column":7}},"45":{"start":{"line":46,"column":0},"end":{"line":46,"column":4}},"46":{"start":{"line":47,"column":0},"end":{"line":47,"column":34}},"47":{"start":{"line":48,"column":0},"end":{"line":48,"column":74}},"48":{"start":{"line":49,"column":0},"end":{"line":49,"column":39}},"49":{"start":{"line":50,"column":0},"end":{"line":50,"column":61}},"50":{"start":{"line":51,"column":0},"end":{"line":51,"column":52}},"51":{"start":{"line":52,"column":0},"end":{"line":52,"column":7}},"52":{"start":{"line":53,"column":0},"end":{"line":53,"column":4}},"53":{"start":{"line":54,"column":0},"end":{"line":54,"column":46}},"54":{"start":{"line":55,"column":0},"end":{"line":55,"column":54}},"55":{"start":{"line":56,"column":0},"end":{"line":56,"column":83}},"56":{"start":{"line":57,"column":0},"end":{"line":57,"column":7}},"57":{"start":{"line":58,"column":0},"end":{"line":58,"column":4}},"58":{"start":{"line":59,"column":0},"end":{"line":59,"column":25}},"59":{"start":{"line":60,"column":0},"end":{"line":60,"column":37}},"60":{"start":{"line":61,"column":0},"end":{"line":61,"column":57}},"61":{"start":{"line":62,"column":0},"end":{"line":62,"column":52}},"62":{"start":{"line":63,"column":0},"end":{"line":63,"column":7}},"63":{"start":{"line":64,"column":0},"end":{"line":64,"column":4}},"64":{"start":{"line":65,"column":0},"end":{"line":65,"column":39}},"65":{"start":{"line":66,"column":0},"end":{"line":66,"column":66}},"66":{"start":{"line":67,"column":0},"end":{"line":67,"column":60}},"67":{"start":{"line":68,"column":0},"end":{"line":68,"column":4}},"68":{"start":{"line":69,"column":0},"end":{"line":69,"column":19}},"69":{"start":{"line":70,"column":0},"end":{"line":70,"column":40}},"70":{"start":{"line":71,"column":0},"end":{"line":71,"column":24}},"71":{"start":{"line":72,"column":0},"end":{"line":72,"column":45}},"72":{"start":{"line":73,"column":0},"end":{"line":73,"column":34}},"73":{"start":{"line":74,"column":0},"end":{"line":74,"column":6}},"74":{"start":{"line":75,"column":0},"end":{"line":75,"column":48}},"75":{"start":{"line":76,"column":0},"end":{"line":76,"column":36}},"76":{"start":{"line":77,"column":0},"end":{"line":77,"column":51}},"77":{"start":{"line":78,"column":0},"end":{"line":78,"column":7}},"78":{"start":{"line":79,"column":0},"end":{"line":79,"column":6}},"79":{"start":{"line":80,"column":0},"end":{"line":80,"column":58}},"80":{"start":{"line":81,"column":0},"end":{"line":81,"column":6}},"81":{"start":{"line":82,"column":0},"end":{"line":82,"column":50}},"82":{"start":{"line":83,"column":0},"end":{"line":83,"column":60}},"83":{"start":{"line":84,"column":0},"end":{"line":84,"column":22}},"84":{"start":{"line":85,"column":0},"end":{"line":85,"column":7}},"85":{"start":{"line":86,"column":0},"end":{"line":86,"column":6}},"86":{"start":{"line":87,"column":0},"end":{"line":87,"column":49}},"87":{"start":{"line":88,"column":0},"end":{"line":88,"column":97}},"88":{"start":{"line":89,"column":0},"end":{"line":89,"column":42}},"89":{"start":{"line":90,"column":0},"end":{"line":90,"column":26}},"90":{"start":{"line":91,"column":0},"end":{"line":91,"column":9}},"91":{"start":{"line":92,"column":0},"end":{"line":92,"column":31}},"92":{"start":{"line":93,"column":0},"end":{"line":93,"column":7}},"93":{"start":{"line":94,"column":0},"end":{"line":94,"column":6}},"94":{"start":{"line":95,"column":0},"end":{"line":95,"column":22}},"95":{"start":{"line":96,"column":0},"end":{"line":96,"column":7}},"96":{"start":{"line":97,"column":0},"end":{"line":97,"column":4}},"97":{"start":{"line":98,"column":0},"end":{"line":98,"column":41}},"98":{"start":{"line":99,"column":0},"end":{"line":99,"column":4}},"99":{"start":{"line":100,"column":0},"end":{"line":100,"column":35}},"100":{"start":{"line":101,"column":0},"end":{"line":101,"column":52}},"101":{"start":{"line":102,"column":0},"end":{"line":102,"column":4}},"102":{"start":{"line":103,"column":0},"end":{"line":103,"column":48}},"103":{"start":{"line":104,"column":0},"end":{"line":104,"column":19}},"104":{"start":{"line":105,"column":0},"end":{"line":105,"column":75}},"105":{"start":{"line":106,"column":0},"end":{"line":106,"column":3}},"106":{"start":{"line":107,"column":0},"end":{"line":107,"column":2}},"108":{"start":{"line":109,"column":0},"end":{"line":109,"column":35}},"109":{"start":{"line":110,"column":0},"end":{"line":110,"column":28}},"110":{"start":{"line":111,"column":0},"end":{"line":111,"column":41}},"111":{"start":{"line":112,"column":0},"end":{"line":112,"column":3}},"112":{"start":{"line":113,"column":0},"end":{"line":113,"column":2}},"113":{"start":{"line":114,"column":0},"end":{"line":114,"column":7}},"114":{"start":{"line":115,"column":0},"end":{"line":115,"column":22}},"115":{"start":{"line":116,"column":0},"end":{"line":116,"column":46}},"116":{"start":{"line":117,"column":0},"end":{"line":117,"column":57}},"117":{"start":{"line":118,"column":0},"end":{"line":118,"column":4}},"118":{"start":{"line":119,"column":0},"end":{"line":119,"column":30}},"119":{"start":{"line":120,"column":0},"end":{"line":120,"column":45}},"120":{"start":{"line":121,"column":0},"end":{"line":121,"column":4}},"121":{"start":{"line":122,"column":0},"end":{"line":122,"column":41}},"122":{"start":{"line":123,"column":0},"end":{"line":123,"column":31}},"123":{"start":{"line":124,"column":0},"end":{"line":124,"column":4}},"124":{"start":{"line":125,"column":0},"end":{"line":125,"column":47}},"125":{"start":{"line":126,"column":0},"end":{"line":126,"column":19}},"126":{"start":{"line":127,"column":0},"end":{"line":127,"column":77}},"127":{"start":{"line":128,"column":0},"end":{"line":128,"column":3}},"128":{"start":{"line":129,"column":0},"end":{"line":129,"column":2}}},"s":{"0":1,"1":1,"3":1,"4":1,"5":1,"6":1,"7":1,"8":1,"9":1,"10":1,"11":1,"12":1,"14":1,"15":1,"16":1,"17":1,"18":1,"20":1,"21":7,"22":2,"23":2,"25":5,"26":5,"27":5,"28":5,"29":5,"30":5,"31":5,"32":5,"33":5,"34":5,"35":5,"36":5,"37":45,"38":45,"39":2,"40":2,"41":2,"42":2,"43":45,"44":5,"45":5,"46":5,"47":5,"48":5,"49":50,"50":50,"51":5,"52":5,"53":5,"54":5,"55":2,"56":5,"57":5,"58":5,"59":5,"60":345,"61":345,"62":5,"63":5,"64":5,"65":5,"66":5,"67":5,"68":5,"69":5,"70":5,"71":5,"72":17,"73":17,"74":17,"75":17,"76":0,"77":0,"78":17,"79":17,"80":17,"81":17,"82":17,"83":1,"84":1,"85":17,"86":17,"87":17,"88":3,"89":2,"90":2,"91":1,"92":1,"93":14,"94":14,"95":5,"96":5,"97":5,"98":5,"99":5,"100":5,"101":5,"102":5,"103":7,"104":0,"105":0,"106":7,"108":1,"109":5,"110":1,"111":1,"112":4,"113":4,"114":4,"115":4,"116":4,"117":4,"118":4,"119":4,"120":4,"121":4,"122":4,"123":4,"124":4,"125":5,"126":0,"127":0,"128":5},"branchMap":{"0":{"type":"branch","line":21,"loc":{"start":{"line":21,"column":25},"end":{"line":107,"column":2}},"locations":[{"start":{"line":21,"column":25},"end":{"line":107,"column":2}}]},"1":{"type":"branch","line":22,"loc":{"start":{"line":22,"column":11},"end":{"line":22,"column":25}},"locations":[{"start":{"line":22,"column":11},"end":{"line":22,"column":25}}]},"2":{"type":"branch","line":22,"loc":{"start":{"line":22,"column":27},"end":{"line":24,"column":3}},"locations":[{"start":{"line":22,"column":27},"end":{"line":24,"column":3}}]},"3":{"type":"branch","line":24,"loc":{"start":{"line":24,"column":2},"end":{"line":104,"column":4}},"locations":[{"start":{"line":24,"column":2},"end":{"line":104,"column":4}}]},"4":{"type":"branch","line":104,"loc":{"start":{"line":104,"column":4},"end":{"line":106,"column":3}},"locations":[{"start":{"line":104,"column":4},"end":{"line":106,"column":3}}]},"5":{"type":"branch","line":33,"loc":{"start":{"line":33,"column":53},"end":{"line":33,"column":73}},"locations":[{"start":{"line":33,"column":53},"end":{"line":33,"column":73}}]},"6":{"type":"branch","line":33,"loc":{"start":{"line":33,"column":80},"end":{"line":33,"column":109}},"locations":[{"start":{"line":33,"column":80},"end":{"line":33,"column":109}}]},"7":{"type":"branch","line":37,"loc":{"start":{"line":37,"column":29},"end":{"line":45,"column":5}},"locations":[{"start":{"line":37,"column":29},"end":{"line":45,"column":5}}]},"8":{"type":"branch","line":39,"loc":{"start":{"line":39,"column":43},"end":{"line":44,"column":7}},"locations":[{"start":{"line":39,"column":43},"end":{"line":44,"column":7}}]},"9":{"type":"branch","line":48,"loc":{"start":{"line":48,"column":51},"end":{"line":48,"column":72}},"locations":[{"start":{"line":48,"column":51},"end":{"line":48,"column":72}}]},"10":{"type":"branch","line":49,"loc":{"start":{"line":49,"column":27},"end":{"line":52,"column":5}},"locations":[{"start":{"line":49,"column":27},"end":{"line":52,"column":5}}]},"11":{"type":"branch","line":55,"loc":{"start":{"line":55,"column":38},"end":{"line":57,"column":5}},"locations":[{"start":{"line":55,"column":38},"end":{"line":57,"column":5}}]},"12":{"type":"branch","line":60,"loc":{"start":{"line":60,"column":25},"end":{"line":63,"column":5}},"locations":[{"start":{"line":60,"column":25},"end":{"line":63,"column":5}}]},"13":{"type":"branch","line":72,"loc":{"start":{"line":72,"column":36},"end":{"line":96,"column":5}},"locations":[{"start":{"line":72,"column":36},"end":{"line":96,"column":5}}]},"14":{"type":"branch","line":76,"loc":{"start":{"line":76,"column":35},"end":{"line":78,"column":7}},"locations":[{"start":{"line":76,"column":35},"end":{"line":78,"column":7}}]},"15":{"type":"branch","line":83,"loc":{"start":{"line":83,"column":32},"end":{"line":83,"column":57}},"locations":[{"start":{"line":83,"column":32},"end":{"line":83,"column":57}}]},"16":{"type":"branch","line":83,"loc":{"start":{"line":83,"column":59},"end":{"line":85,"column":7}},"locations":[{"start":{"line":83,"column":59},"end":{"line":85,"column":7}}]},"17":{"type":"branch","line":88,"loc":{"start":{"line":88,"column":38},"end":{"line":88,"column":66}},"locations":[{"start":{"line":88,"column":38},"end":{"line":88,"column":66}}]},"18":{"type":"branch","line":88,"loc":{"start":{"line":88,"column":67},"end":{"line":88,"column":94}},"locations":[{"start":{"line":88,"column":67},"end":{"line":88,"column":94}}]},"19":{"type":"branch","line":88,"loc":{"start":{"line":88,"column":96},"end":{"line":93,"column":7}},"locations":[{"start":{"line":88,"column":96},"end":{"line":93,"column":7}}]},"20":{"type":"branch","line":89,"loc":{"start":{"line":89,"column":41},"end":{"line":91,"column":9}},"locations":[{"start":{"line":89,"column":41},"end":{"line":91,"column":9}}]},"21":{"type":"branch","line":91,"loc":{"start":{"line":91,"column":8},"end":{"line":93,"column":7}},"locations":[{"start":{"line":91,"column":8},"end":{"line":93,"column":7}}]},"22":{"type":"branch","line":93,"loc":{"start":{"line":93,"column":6},"end":{"line":96,"column":4}},"locations":[{"start":{"line":93,"column":6},"end":{"line":96,"column":4}}]},"23":{"type":"branch","line":109,"loc":{"start":{"line":109,"column":25},"end":{"line":129,"column":2}},"locations":[{"start":{"line":109,"column":25},"end":{"line":129,"column":2}}]},"24":{"type":"branch","line":110,"loc":{"start":{"line":110,"column":11},"end":{"line":110,"column":25}},"locations":[{"start":{"line":110,"column":11},"end":{"line":110,"column":25}}]},"25":{"type":"branch","line":110,"loc":{"start":{"line":110,"column":27},"end":{"line":112,"column":3}},"locations":[{"start":{"line":110,"column":27},"end":{"line":112,"column":3}}]},"26":{"type":"branch","line":112,"loc":{"start":{"line":112,"column":2},"end":{"line":126,"column":4}},"locations":[{"start":{"line":112,"column":2},"end":{"line":126,"column":4}}]},"27":{"type":"branch","line":126,"loc":{"start":{"line":126,"column":4},"end":{"line":128,"column":3}},"locations":[{"start":{"line":126,"column":4},"end":{"line":128,"column":3}}]}},"b":{"0":[7],"1":[6],"2":[2],"3":[5],"4":[0],"5":[95],"6":[95],"7":[45],"8":[2],"9":[95],"10":[50],"11":[2],"12":[345],"13":[17],"14":[0],"15":[1],"16":[1],"17":[15],"18":[15],"19":[3],"20":[2],"21":[1],"22":[14],"23":[5],"24":[4],"25":[1],"26":[4],"27":[0]},"fnMap":{"0":{"name":"formatSql","decl":{"start":{"line":21,"column":25},"end":{"line":107,"column":2}},"loc":{"start":{"line":21,"column":25},"end":{"line":107,"column":2}},"line":21},"1":{"name":"minifySql","decl":{"start":{"line":109,"column":25},"end":{"line":129,"column":2}},"loc":{"start":{"line":109,"column":25},"end":{"line":129,"column":2}},"line":109}},"f":{"0":7,"1":5}}
,"/Users/paul/code/devtools/src/utils/textUtils.js": {"path":"/Users/paul/code/devtools/src/utils/textUtils.js","all":false,"statementMap":{"0":{"start":{"line":1,"column":0},"end":{"line":1,"column":41}},"2":{"start":{"line":3,"column":0},"end":{"line":3,"column":34}},"3":{"start":{"line":4,"column":0},"end":{"line":4,"column":20}},"4":{"start":{"line":5,"column":0},"end":{"line":5,"column":28}},"5":{"start":{"line":6,"column":0},"end":{"line":6,"column":43}},"6":{"start":{"line":7,"column":0},"end":{"line":7,"column":46}},"7":{"start":{"line":8,"column":0},"end":{"line":8,"column":11}},"8":{"start":{"line":9,"column":0},"end":{"line":9,"column":18}},"9":{"start":{"line":10,"column":0},"end":{"line":10,"column":2}},"11":{"start":{"line":12,"column":0},"end":{"line":12,"column":37}},"12":{"start":{"line":13,"column":0},"end":{"line":13,"column":56}},"13":{"start":{"line":14,"column":0},"end":{"line":14,"column":86}},"14":{"start":{"line":15,"column":0},"end":{"line":15,"column":2}},"16":{"start":{"line":17,"column":0},"end":{"line":17,"column":86}},"18":{"start":{"line":19,"column":0},"end":{"line":19,"column":86}},"20":{"start":{"line":21,"column":0},"end":{"line":21,"column":36}},"21":{"start":{"line":22,"column":0},"end":{"line":22,"column":89}},"23":{"start":{"line":24,"column":0},"end":{"line":24,"column":59}},"25":{"start":{"line":26,"column":0},"end":{"line":26,"column":45}},"26":{"start":{"line":27,"column":0},"end":{"line":27,"column":7}},"27":{"start":{"line":28,"column":0},"end":{"line":28,"column":39}},"28":{"start":{"line":29,"column":0},"end":{"line":29,"column":13}},"29":{"start":{"line":30,"column":0},"end":{"line":30,"column":21}},"30":{"start":{"line":31,"column":0},"end":{"line":31,"column":43}},"31":{"start":{"line":32,"column":0},"end":{"line":32,"column":6}},"32":{"start":{"line":33,"column":0},"end":{"line":33,"column":17}},"33":{"start":{"line":34,"column":0},"end":{"line":34,"column":13}},"34":{"start":{"line":35,"column":0},"end":{"line":35,"column":22}},"35":{"start":{"line":36,"column":0},"end":{"line":36,"column":25}},"36":{"start":{"line":37,"column":0},"end":{"line":37,"column":6}},"37":{"start":{"line":38,"column":0},"end":{"line":38,"column":3}},"38":{"start":{"line":39,"column":0},"end":{"line":39,"column":2}},"40":{"start":{"line":41,"column":0},"end":{"line":41,"column":48}},"41":{"start":{"line":42,"column":0},"end":{"line":42,"column":67}},"42":{"start":{"line":43,"column":0},"end":{"line":43,"column":2}}},"s":{"0":1,"2":1,"3":47,"4":47,"5":47,"6":47,"7":47,"8":47,"9":47,"11":1,"12":12,"13":12,"14":12,"16":1,"18":1,"20":1,"21":1,"23":1,"25":1,"26":9,"27":9,"28":9,"29":9,"30":9,"31":9,"32":9,"33":3,"34":3,"35":3,"36":3,"37":3,"38":9,"40":1,"41":0,"42":0},"branchMap":{"0":{"type":"branch","line":3,"loc":{"start":{"line":3,"column":24},"end":{"line":10,"column":2}},"locations":[{"start":{"line":3,"column":24},"end":{"line":10,"column":2}}]},"1":{"type":"branch","line":4,"loc":{"start":{"line":4,"column":14},"end":{"line":4,"column":19}},"locations":[{"start":{"line":4,"column":14},"end":{"line":4,"column":19}}]},"2":{"type":"branch","line":12,"loc":{"start":{"line":12,"column":27},"end":{"line":15,"column":2}},"locations":[{"start":{"line":12,"column":27},"end":{"line":15,"column":2}}]},"3":{"type":"branch","line":13,"loc":{"start":{"line":13,"column":34},"end":{"line":13,"column":54}},"locations":[{"start":{"line":13,"column":34},"end":{"line":13,"column":54}}]},"4":{"type":"branch","line":14,"loc":{"start":{"line":14,"column":19},"end":{"line":14,"column":75}},"locations":[{"start":{"line":14,"column":19},"end":{"line":14,"column":75}}]},"5":{"type":"branch","line":14,"loc":{"start":{"line":14,"column":31},"end":{"line":14,"column":71}},"locations":[{"start":{"line":14,"column":31},"end":{"line":14,"column":71}}]},"6":{"type":"branch","line":14,"loc":{"start":{"line":14,"column":72},"end":{"line":14,"column":75}},"locations":[{"start":{"line":14,"column":72},"end":{"line":14,"column":75}}]},"7":{"type":"branch","line":17,"loc":{"start":{"line":17,"column":27},"end":{"line":17,"column":85}},"locations":[{"start":{"line":17,"column":27},"end":{"line":17,"column":85}}]},"8":{"type":"branch","line":17,"loc":{"start":{"line":17,"column":54},"end":{"line":17,"column":74}},"locations":[{"start":{"line":17,"column":54},"end":{"line":17,"column":74}}]},"9":{"type":"branch","line":19,"loc":{"start":{"line":19,"column":27},"end":{"line":19,"column":85}},"locations":[{"start":{"line":19,"column":27},"end":{"line":19,"column":85}}]},"10":{"type":"branch","line":19,"loc":{"start":{"line":19,"column":54},"end":{"line":19,"column":74}},"locations":[{"start":{"line":19,"column":54},"end":{"line":19,"column":74}}]},"11":{"type":"branch","line":21,"loc":{"start":{"line":21,"column":27},"end":{"line":22,"column":88}},"locations":[{"start":{"line":21,"column":27},"end":{"line":22,"column":88}}]},"12":{"type":"branch","line":22,"loc":{"start":{"line":22,"column":20},"end":{"line":22,"column":77}},"locations":[{"start":{"line":22,"column":20},"end":{"line":22,"column":77}}]},"13":{"type":"branch","line":24,"loc":{"start":{"line":24,"column":26},"end":{"line":24,"column":58}},"locations":[{"start":{"line":24,"column":26},"end":{"line":24,"column":58}}]},"14":{"type":"branch","line":26,"loc":{"start":{"line":26,"column":28},"end":{"line":39,"column":2}},"locations":[{"start":{"line":26,"column":28},"end":{"line":39,"column":2}}]},"15":{"type":"branch","line":33,"loc":{"start":{"line":33,"column":4},"end":{"line":38,"column":3}},"locations":[{"start":{"line":33,"column":4},"end":{"line":38,"column":3}}]}},"b":{"0":[47],"1":[4],"2":[12],"3":[27],"4":[27],"5":[15],"6":[12],"7":[12],"8":[29],"9":[11],"10":[26],"11":[12],"12":[27],"13":[5],"14":[9],"15":[3]},"fnMap":{"0":{"name":"tokenize","decl":{"start":{"line":3,"column":24},"end":{"line":10,"column":2}},"loc":{"start":{"line":3,"column":24},"end":{"line":10,"column":2}},"line":3},"1":{"name":"toCamelCase","decl":{"start":{"line":12,"column":27},"end":{"line":15,"column":2}},"loc":{"start":{"line":12,"column":27},"end":{"line":15,"column":2}},"line":12},"2":{"name":"toSnakeCase","decl":{"start":{"line":17,"column":27},"end":{"line":17,"column":85}},"loc":{"start":{"line":17,"column":27},"end":{"line":17,"column":85}},"line":17},"3":{"name":"toKebabCase","decl":{"start":{"line":19,"column":27},"end":{"line":19,"column":85}},"loc":{"start":{"line":19,"column":27},"end":{"line":19,"column":85}},"line":19},"4":{"name":"toTitleCase","decl":{"start":{"line":21,"column":27},"end":{"line":22,"column":88}},"loc":{"start":{"line":21,"column":27},"end":{"line":22,"column":88}},"line":21},"5":{"name":"toJsString","decl":{"start":{"line":24,"column":26},"end":{"line":24,"column":58}},"loc":{"start":{"line":24,"column":26},"end":{"line":24,"column":58}},"line":24},"6":{"name":"prettifyJson","decl":{"start":{"line":26,"column":28},"end":{"line":39,"column":2}},"loc":{"start":{"line":26,"column":28},"end":{"line":39,"column":2}},"line":26},"7":{"name":"encodeUriParams","decl":{"start":{"line":41,"column":31},"end":{"line":43,"column":2}},"loc":{"start":{"line":41,"column":31},"end":{"line":43,"column":2}},"line":41}},"f":{"0":47,"1":12,"2":12,"3":11,"4":12,"5":5,"6":9,"7":0}}
}
